#
# There is insufficient memory for the Java Runtime Environment to continue.
# Native memory allocation (malloc) failed to allocate 1350736 bytes for Chunk::new
# Possible reasons:
#   The system is out of physical RAM or swap space
#   The process is running with CompressedOops enabled, and the Java Heap may be blocking the growth of the native heap
# Possible solutions:
#   Reduce memory load on the system
#   Increase physical memory or swap space
#   Check if swap backing store is full
#   Decrease Java heap size (-Xmx/-Xms)
#   Decrease number of Java threads
#   Decrease Java thread stack sizes (-Xss)
#   Set larger code cache with -XX:ReservedCodeCacheSize=
#   JVM is running with Unscaled Compressed Oops mode in which the Java heap is
#     placed in the first 4GB address space. The Java Heap base address is the
#     maximum limit for the native heap growth. Please use -XX:HeapBaseMinAddress
#     to set the Java Heap base and to place the Java Heap above 4GB virtual address.
# This output file may be truncated or incomplete.
#
#  Out of Memory Error (./src/hotspot/share/memory/arena.cpp:197), pid=4712, tid=4616
#
# JRE version: OpenJDK Runtime Environment (11.0.10) (build 11.0.10+0-b96-7249189)
# Java VM: OpenJDK 64-Bit Server VM (11.0.10+0-b96-7249189, mixed mode, tiered, compressed oops, g1 gc, windows-amd64)
# No core dump will be written. Minidumps are not enabled by default on client versions of Windows
#

---------------  S U M M A R Y ------------

Command Line: --add-opens=java.base/java.util=ALL-UNNAMED --add-opens=java.base/java.lang=ALL-UNNAMED --add-opens=java.base/java.lang.invoke=ALL-UNNAMED --add-opens=java.base/java.util=ALL-UNNAMED --add-opens=java.prefs/java.util.prefs=ALL-UNNAMED --add-opens=java.prefs/java.util.prefs=ALL-UNNAMED --add-opens=java.base/java.nio.charset=ALL-UNNAMED --add-opens=java.base/java.net=ALL-UNNAMED --add-opens=java.base/java.util.concurrent.atomic=ALL-UNNAMED -Xmx2048m -Dfile.encoding=UTF-8 -Duser.country=SV -Duser.language=es -Duser.variant org.gradle.launcher.daemon.bootstrap.GradleDaemon 7.0.2

Host: AMD E1-2100 APU with Radeon(TM) HD Graphics    , 2 cores, 3G,  Windows 10 , 64 bit Build 19041 (10.0.19041.1202)
Time: Mon Sep 27 20:31:39 2021 Hora estándar, América Central elapsed time: 301.134344 seconds (0d 0h 5m 1s)

---------------  T H R E A D  ---------------

Current thread (0x0000014fc2ff1000):  JavaThread "C2 CompilerThread0" daemon [_thread_in_native, id=4616, stack(0x0000004c64d00000,0x0000004c64e00000)]


Current CompileTask:
C2: 301134 9825       4       java.lang.Class::annotationData (44 bytes)

Stack: [0x0000004c64d00000,0x0000004c64e00000]
Native frames: (J=compiled Java code, j=interpreted, Vv=VM code, C=native code)
V  [jvm.dll+0x5ecfaa]
V  [jvm.dll+0x722bd5]
V  [jvm.dll+0x72412d]
V  [jvm.dll+0x7247e3]
V  [jvm.dll+0x242928]
V  [jvm.dll+0xbc4fc]
V  [jvm.dll+0xbca0c]
V  [jvm.dll+0x352d7d]
V  [jvm.dll+0x197e0c]
V  [jvm.dll+0x1fb70e]
V  [jvm.dll+0x1fa7f4]
V  [jvm.dll+0x18354c]
V  [jvm.dll+0x208ee7]
V  [jvm.dll+0x207731]
V  [jvm.dll+0x6eb1cf]
V  [jvm.dll+0x6e3d45]
V  [jvm.dll+0x5ebe96]
C  [ucrtbase.dll+0x21bb2]
C  [KERNEL32.DLL+0x17034]
C  [ntdll.dll+0x52651]


---------------  P R O C E S S  ---------------

Threads class SMR info:
_java_thread_list=0x0000014fc957f650, length=41, elements={
0x0000014fa8f39000, 0x0000014fc2f8e800, 0x0000014fc2f90000, 0x0000014fc2fe9800,
0x0000014fc2fea800, 0x0000014fc2fee000, 0x0000014fc2ff1000, 0x0000014fc2fff800,
0x0000014fc3053000, 0x0000014fc3154800, 0x0000014fc4a96800, 0x0000014fc4526800,
0x0000014fc3477800, 0x0000014fc3f48800, 0x0000014fc3f49800, 0x0000014fc3472800,
0x0000014fc3412800, 0x0000014fc3887000, 0x0000014fc3865800, 0x0000014fc3860800,
0x0000014fc3864800, 0x0000014fc3863800, 0x0000014fc3861800, 0x0000014fc3862000,
0x0000014fc3866000, 0x0000014fc3867000, 0x0000014fc3863000, 0x0000014fc50ee800,
0x0000014fc50f4000, 0x0000014fc50f1800, 0x0000014fc50ef000, 0x0000014fc50f5800,
0x0000014fc50f3000, 0x0000014fc50f0800, 0x0000014fc50f6800, 0x0000014fc50f7000,
0x0000014fc50f8000, 0x0000014fc50f2800, 0x0000014fc50fa800, 0x0000014fc50f9000,
0x0000014fc50fc000
}

Java Threads: ( => current thread )
  0x0000014fa8f39000 JavaThread "main" [_thread_blocked, id=8176, stack(0x0000004c64100000,0x0000004c64200000)]
  0x0000014fc2f8e800 JavaThread "Reference Handler" daemon [_thread_blocked, id=4188, stack(0x0000004c64800000,0x0000004c64900000)]
  0x0000014fc2f90000 JavaThread "Finalizer" daemon [_thread_blocked, id=6248, stack(0x0000004c64900000,0x0000004c64a00000)]
  0x0000014fc2fe9800 JavaThread "Signal Dispatcher" daemon [_thread_blocked, id=4832, stack(0x0000004c64a00000,0x0000004c64b00000)]
  0x0000014fc2fea800 JavaThread "Attach Listener" daemon [_thread_blocked, id=1880, stack(0x0000004c64b00000,0x0000004c64c00000)]
  0x0000014fc2fee000 JavaThread "Service Thread" daemon [_thread_blocked, id=6484, stack(0x0000004c64c00000,0x0000004c64d00000)]
=>0x0000014fc2ff1000 JavaThread "C2 CompilerThread0" daemon [_thread_in_native, id=4616, stack(0x0000004c64d00000,0x0000004c64e00000)]
  0x0000014fc2fff800 JavaThread "C1 CompilerThread0" daemon [_thread_blocked, id=3948, stack(0x0000004c64e00000,0x0000004c64f00000)]
  0x0000014fc3053000 JavaThread "Sweeper thread" daemon [_thread_blocked, id=3032, stack(0x0000004c64f00000,0x0000004c65000000)]
  0x0000014fc3154800 JavaThread "Common-Cleaner" daemon [_thread_blocked, id=6752, stack(0x0000004c65000000,0x0000004c65100000)]
  0x0000014fc4a96800 JavaThread "Daemon health stats" [_thread_blocked, id=3404, stack(0x0000004c65300000,0x0000004c65400000)]
  0x0000014fc4526800 JavaThread "Incoming local TCP Connector on port 57808" [_thread_in_native, id=2220, stack(0x0000004c63f00000,0x0000004c64000000)]
  0x0000014fc3477800 JavaThread "Daemon periodic checks" [_thread_blocked, id=4928, stack(0x0000004c64000000,0x0000004c64100000)]
  0x0000014fc3f48800 JavaThread "Daemon" [_thread_blocked, id=7164, stack(0x0000004c65600000,0x0000004c65700000)]
  0x0000014fc3f49800 JavaThread "Handler for socket connection from /127.0.0.1:57808 to /127.0.0.1:57809" [_thread_in_native, id=3484, stack(0x0000004c65700000,0x0000004c65800000)]
  0x0000014fc3472800 JavaThread "Cancel handler" [_thread_blocked, id=6824, stack(0x0000004c65800000,0x0000004c65900000)]
  0x0000014fc3412800 JavaThread "Daemon worker" [_thread_blocked, id=2860, stack(0x0000004c65900000,0x0000004c65a00000)]
  0x0000014fc3887000 JavaThread "Asynchronous log dispatcher for DefaultDaemonConnection: socket connection from /127.0.0.1:57808 to /127.0.0.1:57809" [_thread_blocked, id=1104, stack(0x0000004c65a00000,0x0000004c65b00000)]
  0x0000014fc3865800 JavaThread "Daemon client event forwarder" [_thread_in_vm, id=5424, stack(0x0000004c65c00000,0x0000004c65d00000)]
  0x0000014fc3860800 JavaThread "Cache worker for file hash cache (C:\Users\HP14\.gradle\wrapper\dists\gradle-7.0.2\caches\7.0.2\fileHashes)" [_thread_blocked, id=432, stack(0x0000004c65d00000,0x0000004c65e00000)]
  0x0000014fc3864800 JavaThread "File lock request listener" [_thread_in_native, id=620, stack(0x0000004c65e00000,0x0000004c65f00000)]
  0x0000014fc3863800 JavaThread "Cache worker for journal cache (C:\Users\HP14\.gradle\wrapper\dists\gradle-7.0.2\caches\journal-1)" [_thread_blocked, id=6676, stack(0x0000004c65f00000,0x0000004c66000000)]
  0x0000014fc3861800 JavaThread "Cache worker for file hash cache (C:\Users\HP14\AndroidStudioProjects\ExamenII\.gradle\7.0.2\fileHashes)" [_thread_blocked, id=8060, stack(0x0000004c66000000,0x0000004c66100000)]
  0x0000014fc3862000 JavaThread "File watcher server" daemon [_thread_in_native, id=7404, stack(0x0000004c66100000,0x0000004c66200000)]
  0x0000014fc3866000 JavaThread "File watcher consumer" daemon [_thread_blocked, id=7304, stack(0x0000004c66200000,0x0000004c66300000)]
  0x0000014fc3867000 JavaThread "Cache worker for checksums cache (C:\Users\HP14\AndroidStudioProjects\ExamenII\.gradle\checksums)" [_thread_blocked, id=5400, stack(0x0000004c66300000,0x0000004c66400000)]
  0x0000014fc3863000 JavaThread "Cache worker for cache directory md-supplier (C:\Users\HP14\.gradle\wrapper\dists\gradle-7.0.2\caches\7.0.2\md-supplier)" [_thread_blocked, id=4044, stack(0x0000004c66400000,0x0000004c66500000)]
  0x0000014fc50ee800 JavaThread "Cache worker for cache directory md-rule (C:\Users\HP14\.gradle\wrapper\dists\gradle-7.0.2\caches\7.0.2\md-rule)" [_thread_blocked, id=4416, stack(0x0000004c66500000,0x0000004c66600000)]
  0x0000014fc50f4000 JavaThread "Cache worker for execution history cache (C:\Users\HP14\.gradle\wrapper\dists\gradle-7.0.2\caches\7.0.2\executionHistory)" [_thread_blocked, id=3684, stack(0x0000004c66600000,0x0000004c66700000)]
  0x0000014fc50f1800 JavaThread "jar transforms" [_thread_blocked, id=3600, stack(0x0000004c66700000,0x0000004c66800000)]
  0x0000014fc50ef000 JavaThread "jar transforms Thread 2" [_thread_blocked, id=360, stack(0x0000004c66800000,0x0000004c66900000)]
  0x0000014fc50f5800 JavaThread "Cache worker for file content cache (C:\Users\HP14\.gradle\wrapper\dists\gradle-7.0.2\caches\7.0.2\fileContent)" [_thread_blocked, id=7736, stack(0x0000004c66900000,0x0000004c66a00000)]
  0x0000014fc50f3000 JavaThread "Cache worker for dependencies-accessors (C:\Users\HP14\AndroidStudioProjects\ExamenII\.gradle\7.0.2\dependencies-accessors)" [_thread_blocked, id=60, stack(0x0000004c66a00000,0x0000004c66b00000)]
  0x0000014fc50f0800 JavaThread "Cache worker for Build Output Cleanup Cache (C:\Users\HP14\AndroidStudioProjects\ExamenII\.gradle\buildOutputCleanup)" [_thread_blocked, id=4176, stack(0x0000004c65b00000,0x0000004c65c00000)]
  0x0000014fc50f6800 JavaThread "Build operations" [_thread_blocked, id=2480, stack(0x0000004c66b00000,0x0000004c66c00000)]
  0x0000014fc50f7000 JavaThread "Build operations Thread 2" [_thread_blocked, id=4980, stack(0x0000004c66c00000,0x0000004c66d00000)]
  0x0000014fc50f8000 JavaThread "Memory manager" [_thread_blocked, id=7984, stack(0x0000004c65400000,0x0000004c65500000)]
  0x0000014fc50f2800 JavaThread "build event listener" [_thread_blocked, id=3748, stack(0x0000004c66d00000,0x0000004c66e00000)]
  0x0000014fc50fa800 JavaThread "Execution worker for ':'" [_thread_blocked, id=5844, stack(0x0000004c66e00000,0x0000004c66f00000)]
  0x0000014fc50f9000 JavaThread "Cache worker for execution history cache (C:\Users\HP14\AndroidStudioProjects\ExamenII\.gradle\7.0.2\executionHistory)" [_thread_blocked, id=4552, stack(0x0000004c66f00000,0x0000004c67000000)]
  0x0000014fc50fc000 JavaThread "WorkerExecutor Queue" [_thread_in_native, id=7676, stack(0x0000004c65500000,0x0000004c65600000)]

Other Threads:
  0x0000014fc2f8b800 VMThread "VM Thread" [stack: 0x0000004c64700000,0x0000004c64800000] [id=2416]
  0x0000014fc3181000 WatcherThread [stack: 0x0000004c65100000,0x0000004c65200000] [id=7976]
  0x0000014fa8f50800 GCTaskThread "GC Thread#0" [stack: 0x0000004c64200000,0x0000004c64300000] [id=5200]
  0x0000014fc32d5800 GCTaskThread "GC Thread#1" [stack: 0x0000004c65200000,0x0000004c65300000] [id=5608]
  0x0000014fa8f85000 ConcurrentGCThread "G1 Main Marker" [stack: 0x0000004c64300000,0x0000004c64400000] [id=6584]
  0x0000014fa8f87800 ConcurrentGCThread "G1 Conc#0" [stack: 0x0000004c64400000,0x0000004c64500000] [id=3972]
  0x0000014fa8fc5800 ConcurrentGCThread "G1 Refine#0" [stack: 0x0000004c64500000,0x0000004c64600000] [id=7388]
  0x0000014fa8fc6800 ConcurrentGCThread "G1 Young RemSet Sampling" [stack: 0x0000004c64600000,0x0000004c64700000] [id=3804]

Threads with active compile tasks:
C2 CompilerThread0 301473 9825       4       java.lang.Class::annotationData (44 bytes)

VM state:not at safepoint (normal execution)

VM Mutex/Monitor currently owned by a thread: None

Heap address: 0x0000000080000000, size: 2048 MB, Compressed Oops mode: 32-bit
Narrow klass base: 0x0000000000000000, Narrow klass shift: 3
Compressed class space size: 1073741824 Address: 0x0000000100000000

Heap:
 garbage-first heap   total 146432K, used 70543K [0x0000000080000000, 0x0000000100000000)
  region size 1024K, 6 young (6144K), 4 survivors (4096K)
 Metaspace       used 85636K, capacity 87726K, committed 88060K, reserved 1126400K
  class space    used 11038K, capacity 11823K, committed 11904K, reserved 1048576K
Heap Regions: E=young(eden), S=young(survivor), O=old, HS=humongous(starts), HC=humongous(continues), CS=collection set, F=free, A=archive, TAMS=top-at-mark-start (previous, next)
|   0|0x0000000080000000, 0x0000000080100000, 0x0000000080100000|100%| O|  |TAMS 0x0000000080100000, 0x0000000080000000| Untracked 
|   1|0x0000000080100000, 0x0000000080200000, 0x0000000080200000|100%| O|  |TAMS 0x0000000080200000, 0x0000000080100000| Untracked 
|   2|0x0000000080200000, 0x0000000080300000, 0x0000000080300000|100%| O|  |TAMS 0x0000000080300000, 0x0000000080200000| Untracked 
|   3|0x0000000080300000, 0x0000000080400000, 0x0000000080400000|100%| O|  |TAMS 0x0000000080400000, 0x0000000080300000| Untracked 
|   4|0x0000000080400000, 0x0000000080500000, 0x0000000080500000|100%|HS|  |TAMS 0x0000000080500000, 0x0000000080400000| Complete 
|   5|0x0000000080500000, 0x0000000080600000, 0x0000000080600000|100%|HC|  |TAMS 0x0000000080600000, 0x0000000080500000| Complete 
|   6|0x0000000080600000, 0x0000000080700000, 0x0000000080700000|100%|HC|  |TAMS 0x0000000080700000, 0x0000000080600000| Complete 
|   7|0x0000000080700000, 0x0000000080800000, 0x0000000080800000|100%| O|  |TAMS 0x0000000080800000, 0x0000000080700000| Untracked 
|   8|0x0000000080800000, 0x0000000080900000, 0x0000000080900000|100%| O|  |TAMS 0x0000000080900000, 0x0000000080800000| Untracked 
|   9|0x0000000080900000, 0x0000000080a00000, 0x0000000080a00000|100%| O|  |TAMS 0x0000000080a00000, 0x0000000080900000| Untracked 
|  10|0x0000000080a00000, 0x0000000080b00000, 0x0000000080b00000|100%| O|  |TAMS 0x0000000080b00000, 0x0000000080a00000| Untracked 
|  11|0x0000000080b00000, 0x0000000080c00000, 0x0000000080c00000|100%| O|  |TAMS 0x0000000080c00000, 0x0000000080b00000| Untracked 
|  12|0x0000000080c00000, 0x0000000080d00000, 0x0000000080d00000|100%| O|  |TAMS 0x0000000080d00000, 0x0000000080c00000| Untracked 
|  13|0x0000000080d00000, 0x0000000080e00000, 0x0000000080e00000|100%| O|  |TAMS 0x0000000080e00000, 0x0000000080d00000| Untracked 
|  14|0x0000000080e00000, 0x0000000080f00000, 0x0000000080f00000|100%| O|  |TAMS 0x0000000080f00000, 0x0000000080e00000| Untracked 
|  15|0x0000000080f00000, 0x0000000081000000, 0x0000000081000000|100%| O|  |TAMS 0x0000000081000000, 0x0000000080f00000| Untracked 
|  16|0x0000000081000000, 0x0000000081100000, 0x0000000081100000|100%| O|  |TAMS 0x0000000081100000, 0x0000000081000000| Untracked 
|  17|0x0000000081100000, 0x0000000081200000, 0x0000000081200000|100%| O|  |TAMS 0x0000000081200000, 0x0000000081100000| Untracked 
|  18|0x0000000081200000, 0x0000000081300000, 0x0000000081300000|100%| O|  |TAMS 0x0000000081300000, 0x0000000081200000| Untracked 
|  19|0x0000000081300000, 0x0000000081400000, 0x0000000081400000|100%| O|  |TAMS 0x0000000081400000, 0x0000000081300000| Untracked 
|  20|0x0000000081400000, 0x0000000081500000, 0x0000000081500000|100%| O|  |TAMS 0x0000000081500000, 0x0000000081400000| Untracked 
|  21|0x0000000081500000, 0x0000000081600000, 0x0000000081600000|100%| O|  |TAMS 0x0000000081600000, 0x0000000081500000| Untracked 
|  22|0x0000000081600000, 0x0000000081700000, 0x0000000081700000|100%| O|  |TAMS 0x0000000081700000, 0x0000000081600000| Untracked 
|  23|0x0000000081700000, 0x0000000081800000, 0x0000000081800000|100%| O|  |TAMS 0x0000000081800000, 0x0000000081700000| Untracked 
|  24|0x0000000081800000, 0x0000000081900000, 0x0000000081900000|100%| O|  |TAMS 0x0000000081900000, 0x0000000081800000| Untracked 
|  25|0x0000000081900000, 0x0000000081a00000, 0x0000000081a00000|100%| O|  |TAMS 0x0000000081a00000, 0x0000000081900000| Untracked 
|  26|0x0000000081a00000, 0x0000000081b00000, 0x0000000081b00000|100%| O|  |TAMS 0x0000000081b00000, 0x0000000081a00000| Untracked 
|  27|0x0000000081b00000, 0x0000000081c00000, 0x0000000081c00000|100%| O|  |TAMS 0x0000000081c00000, 0x0000000081b00000| Untracked 
|  28|0x0000000081c00000, 0x0000000081d00000, 0x0000000081d00000|100%| O|  |TAMS 0x0000000081d00000, 0x0000000081c00000| Untracked 
|  29|0x0000000081d00000, 0x0000000081e00000, 0x0000000081e00000|100%| O|  |TAMS 0x0000000081e00000, 0x0000000081d00000| Untracked 
|  30|0x0000000081e00000, 0x0000000081f00000, 0x0000000081f00000|100%| O|  |TAMS 0x0000000081f00000, 0x0000000081e00000| Untracked 
|  31|0x0000000081f00000, 0x0000000082000000, 0x0000000082000000|100%|HS|  |TAMS 0x0000000082000000, 0x0000000081f00000| Complete 
|  32|0x0000000082000000, 0x0000000082100000, 0x0000000082100000|100%|HS|  |TAMS 0x0000000082100000, 0x0000000082000000| Complete 
|  33|0x0000000082100000, 0x0000000082200000, 0x0000000082200000|100%| O|  |TAMS 0x0000000082200000, 0x0000000082100000| Untracked 
|  34|0x0000000082200000, 0x0000000082300000, 0x0000000082300000|100%| O|  |TAMS 0x0000000082300000, 0x0000000082200000| Untracked 
|  35|0x0000000082300000, 0x0000000082400000, 0x0000000082400000|100%| O|  |TAMS 0x0000000082400000, 0x0000000082300000| Untracked 
|  36|0x0000000082400000, 0x0000000082500000, 0x0000000082500000|100%|HS|  |TAMS 0x0000000082500000, 0x0000000082400000| Complete 
|  37|0x0000000082500000, 0x0000000082600000, 0x0000000082600000|100%|HC|  |TAMS 0x0000000082600000, 0x0000000082500000| Complete 
|  38|0x0000000082600000, 0x0000000082700000, 0x0000000082700000|100%| O|  |TAMS 0x0000000082700000, 0x0000000082600000| Untracked 
|  39|0x0000000082700000, 0x0000000082800000, 0x0000000082800000|100%| O|  |TAMS 0x0000000082800000, 0x0000000082700000| Untracked 
|  40|0x0000000082800000, 0x0000000082900000, 0x0000000082900000|100%| O|  |TAMS 0x0000000082900000, 0x0000000082800000| Untracked 
|  41|0x0000000082900000, 0x0000000082a00000, 0x0000000082a00000|100%| O|  |TAMS 0x0000000082a00000, 0x0000000082900000| Untracked 
|  42|0x0000000082a00000, 0x0000000082b00000, 0x0000000082b00000|100%| O|  |TAMS 0x0000000082b00000, 0x0000000082a00000| Untracked 
|  43|0x0000000082b00000, 0x0000000082c00000, 0x0000000082c00000|100%| O|  |TAMS 0x0000000082c00000, 0x0000000082b00000| Untracked 
|  44|0x0000000082c00000, 0x0000000082d00000, 0x0000000082d00000|100%| O|  |TAMS 0x0000000082d00000, 0x0000000082c00000| Untracked 
|  45|0x0000000082d00000, 0x0000000082e00000, 0x0000000082e00000|100%| O|  |TAMS 0x0000000082e00000, 0x0000000082d00000| Untracked 
|  46|0x0000000082e00000, 0x0000000082f00000, 0x0000000082f00000|100%| O|  |TAMS 0x0000000082f00000, 0x0000000082e00000| Untracked 
|  47|0x0000000082f00000, 0x0000000083000000, 0x0000000083000000|100%| O|  |TAMS 0x0000000083000000, 0x0000000082f00000| Untracked 
|  48|0x0000000083000000, 0x0000000083100000, 0x0000000083100000|100%| O|  |TAMS 0x0000000083100000, 0x0000000083000000| Untracked 
|  49|0x0000000083100000, 0x0000000083200000, 0x0000000083200000|100%| O|  |TAMS 0x0000000083200000, 0x0000000083100000| Untracked 
|  50|0x0000000083200000, 0x0000000083300000, 0x0000000083300000|100%| O|  |TAMS 0x0000000083300000, 0x0000000083200000| Untracked 
|  51|0x0000000083300000, 0x0000000083400000, 0x0000000083400000|100%| O|  |TAMS 0x0000000083400000, 0x0000000083300000| Untracked 
|  52|0x0000000083400000, 0x0000000083500000, 0x0000000083500000|100%| O|  |TAMS 0x0000000083500000, 0x0000000083400000| Untracked 
|  53|0x0000000083500000, 0x0000000083600000, 0x0000000083600000|100%| O|  |TAMS 0x0000000083600000, 0x0000000083500000| Untracked 
|  54|0x0000000083600000, 0x0000000083700000, 0x0000000083700000|100%| O|  |TAMS 0x0000000083700000, 0x0000000083600000| Untracked 
|  55|0x0000000083700000, 0x0000000083800000, 0x0000000083800000|100%| O|  |TAMS 0x0000000083800000, 0x0000000083700000| Untracked 
|  56|0x0000000083800000, 0x0000000083900000, 0x0000000083900000|100%| O|  |TAMS 0x0000000083900000, 0x0000000083800000| Untracked 
|  57|0x0000000083900000, 0x0000000083a00000, 0x0000000083a00000|100%| O|  |TAMS 0x0000000083a00000, 0x0000000083900000| Untracked 
|  58|0x0000000083a00000, 0x0000000083b00000, 0x0000000083b00000|100%| O|  |TAMS 0x0000000083b00000, 0x0000000083a00000| Untracked 
|  59|0x0000000083b00000, 0x0000000083c00000, 0x0000000083c00000|100%| O|  |TAMS 0x0000000083bffc00, 0x0000000083b00000| Untracked 
|  60|0x0000000083c00000, 0x0000000083d00000, 0x0000000083d00000|100%| O|  |TAMS 0x0000000083c00000, 0x0000000083c00000| Untracked 
|  61|0x0000000083d00000, 0x0000000083e00000, 0x0000000083e00000|100%| O|  |TAMS 0x0000000083d00000, 0x0000000083d00000| Untracked 
|  62|0x0000000083e00000, 0x0000000083f00000, 0x0000000083f00000|100%| O|  |TAMS 0x0000000083e00000, 0x0000000083e00000| Untracked 
|  63|0x0000000083f00000, 0x0000000084000000, 0x0000000084000000|100%| O|  |TAMS 0x0000000083f00000, 0x0000000083f00000| Untracked 
|  64|0x0000000084000000, 0x0000000084030000, 0x0000000084100000| 18%| O|  |TAMS 0x0000000084000000, 0x0000000084000000| Untracked 
|  65|0x0000000084100000, 0x0000000084100000, 0x0000000084200000|  0%| F|  |TAMS 0x0000000084100000, 0x0000000084100000| Untracked 
|  66|0x0000000084200000, 0x0000000084200000, 0x0000000084300000|  0%| F|  |TAMS 0x0000000084200000, 0x0000000084200000| Untracked 
|  67|0x0000000084300000, 0x0000000084300000, 0x0000000084400000|  0%| F|  |TAMS 0x0000000084300000, 0x0000000084300000| Untracked 
|  68|0x0000000084400000, 0x0000000084400000, 0x0000000084500000|  0%| F|  |TAMS 0x0000000084400000, 0x0000000084400000| Untracked 
|  69|0x0000000084500000, 0x0000000084500000, 0x0000000084600000|  0%| F|  |TAMS 0x0000000084500000, 0x0000000084500000| Untracked 
|  70|0x0000000084600000, 0x0000000084600000, 0x0000000084700000|  0%| F|  |TAMS 0x0000000084600000, 0x0000000084600000| Untracked 
|  71|0x0000000084700000, 0x0000000084700000, 0x0000000084800000|  0%| F|  |TAMS 0x0000000084700000, 0x0000000084700000| Untracked 
|  72|0x0000000084800000, 0x0000000084800000, 0x0000000084900000|  0%| F|  |TAMS 0x0000000084800000, 0x0000000084800000| Untracked 
|  73|0x0000000084900000, 0x0000000084900000, 0x0000000084a00000|  0%| F|  |TAMS 0x0000000084900000, 0x0000000084900000| Untracked 
|  74|0x0000000084a00000, 0x0000000084a00000, 0x0000000084b00000|  0%| F|  |TAMS 0x0000000084a00000, 0x0000000084a00000| Untracked 
|  75|0x0000000084b00000, 0x0000000084b00000, 0x0000000084c00000|  0%| F|  |TAMS 0x0000000084b00000, 0x0000000084b00000| Untracked 
|  76|0x0000000084c00000, 0x0000000084c00000, 0x0000000084d00000|  0%| F|  |TAMS 0x0000000084c00000, 0x0000000084c00000| Untracked 
|  77|0x0000000084d00000, 0x0000000084d00000, 0x0000000084e00000|  0%| F|  |TAMS 0x0000000084d00000, 0x0000000084d00000| Untracked 
|  78|0x0000000084e00000, 0x0000000084e00000, 0x0000000084f00000|  0%| F|  |TAMS 0x0000000084e00000, 0x0000000084e00000| Untracked 
|  79|0x0000000084f00000, 0x0000000084f00000, 0x0000000085000000|  0%| F|  |TAMS 0x0000000084f00000, 0x0000000084f00000| Untracked 
|  80|0x0000000085000000, 0x0000000085000000, 0x0000000085100000|  0%| F|  |TAMS 0x0000000085000000, 0x0000000085000000| Untracked 
|  81|0x0000000085100000, 0x0000000085100000, 0x0000000085200000|  0%| F|  |TAMS 0x0000000085100000, 0x0000000085100000| Untracked 
|  82|0x0000000085200000, 0x0000000085200000, 0x0000000085300000|  0%| F|  |TAMS 0x0000000085200000, 0x0000000085200000| Untracked 
|  83|0x0000000085300000, 0x0000000085300000, 0x0000000085400000|  0%| F|  |TAMS 0x0000000085300000, 0x0000000085300000| Untracked 
|  84|0x0000000085400000, 0x0000000085400000, 0x0000000085500000|  0%| F|  |TAMS 0x0000000085400000, 0x0000000085400000| Untracked 
|  85|0x0000000085500000, 0x0000000085500000, 0x0000000085600000|  0%| F|  |TAMS 0x0000000085500000, 0x0000000085500000| Untracked 
|  86|0x0000000085600000, 0x0000000085600000, 0x0000000085700000|  0%| F|  |TAMS 0x0000000085600000, 0x0000000085600000| Untracked 
|  87|0x0000000085700000, 0x0000000085700000, 0x0000000085800000|  0%| F|  |TAMS 0x0000000085700000, 0x0000000085700000| Untracked 
|  88|0x0000000085800000, 0x0000000085800000, 0x0000000085900000|  0%| F|  |TAMS 0x0000000085800000, 0x0000000085800000| Untracked 
|  89|0x0000000085900000, 0x0000000085900000, 0x0000000085a00000|  0%| F|  |TAMS 0x0000000085900000, 0x0000000085900000| Untracked 
|  90|0x0000000085a00000, 0x0000000085a00000, 0x0000000085b00000|  0%| F|  |TAMS 0x0000000085a00000, 0x0000000085a00000| Untracked 
|  91|0x0000000085b00000, 0x0000000085b00000, 0x0000000085c00000|  0%| F|  |TAMS 0x0000000085b00000, 0x0000000085b00000| Untracked 
|  92|0x0000000085c00000, 0x0000000085cb3cf0, 0x0000000085d00000| 70%| S|CS|TAMS 0x0000000085c00000, 0x0000000085c00000| Complete 
|  93|0x0000000085d00000, 0x0000000085e00000, 0x0000000085e00000|100%| S|CS|TAMS 0x0000000085d00000, 0x0000000085d00000| Complete 
|  94|0x0000000085e00000, 0x0000000085f00000, 0x0000000085f00000|100%| S|CS|TAMS 0x0000000085e00000, 0x0000000085e00000| Complete 
|  95|0x0000000085f00000, 0x0000000086000000, 0x0000000086000000|100%| S|CS|TAMS 0x0000000085f00000, 0x0000000085f00000| Complete 
|  96|0x0000000086000000, 0x0000000086000000, 0x0000000086100000|  0%| F|  |TAMS 0x0000000086000000, 0x0000000086000000| Untracked 
|  97|0x0000000086100000, 0x0000000086100000, 0x0000000086200000|  0%| F|  |TAMS 0x0000000086100000, 0x0000000086100000| Untracked 
|  98|0x0000000086200000, 0x0000000086200000, 0x0000000086300000|  0%| F|  |TAMS 0x0000000086200000, 0x0000000086200000| Untracked 
|  99|0x0000000086300000, 0x0000000086300000, 0x0000000086400000|  0%| F|  |TAMS 0x0000000086300000, 0x0000000086300000| Untracked 
| 100|0x0000000086400000, 0x0000000086400000, 0x0000000086500000|  0%| F|  |TAMS 0x0000000086400000, 0x0000000086400000| Untracked 
| 101|0x0000000086500000, 0x0000000086500000, 0x0000000086600000|  0%| F|  |TAMS 0x0000000086500000, 0x0000000086500000| Untracked 
| 102|0x0000000086600000, 0x0000000086600000, 0x0000000086700000|  0%| F|  |TAMS 0x0000000086600000, 0x0000000086600000| Untracked 
| 103|0x0000000086700000, 0x0000000086700000, 0x0000000086800000|  0%| F|  |TAMS 0x0000000086700000, 0x0000000086700000| Untracked 
| 104|0x0000000086800000, 0x0000000086800000, 0x0000000086900000|  0%| F|  |TAMS 0x0000000086800000, 0x0000000086800000| Untracked 
| 105|0x0000000086900000, 0x0000000086900000, 0x0000000086a00000|  0%| F|  |TAMS 0x0000000086900000, 0x0000000086900000| Untracked 
| 106|0x0000000086a00000, 0x0000000086a00000, 0x0000000086b00000|  0%| F|  |TAMS 0x0000000086a00000, 0x0000000086a00000| Untracked 
| 107|0x0000000086b00000, 0x0000000086b00000, 0x0000000086c00000|  0%| F|  |TAMS 0x0000000086b00000, 0x0000000086b00000| Untracked 
| 108|0x0000000086c00000, 0x0000000086c00000, 0x0000000086d00000|  0%| F|  |TAMS 0x0000000086c00000, 0x0000000086c00000| Untracked 
| 109|0x0000000086d00000, 0x0000000086d00000, 0x0000000086e00000|  0%| F|  |TAMS 0x0000000086d00000, 0x0000000086d00000| Untracked 
| 110|0x0000000086e00000, 0x0000000086e00000, 0x0000000086f00000|  0%| F|  |TAMS 0x0000000086e00000, 0x0000000086e00000| Untracked 
| 111|0x0000000086f00000, 0x0000000086f00000, 0x0000000087000000|  0%| F|  |TAMS 0x0000000086f00000, 0x0000000086f00000| Untracked 
| 112|0x0000000087000000, 0x0000000087000000, 0x0000000087100000|  0%| F|  |TAMS 0x0000000087000000, 0x0000000087000000| Untracked 
| 113|0x0000000087100000, 0x0000000087100000, 0x0000000087200000|  0%| F|  |TAMS 0x0000000087100000, 0x0000000087100000| Untracked 
| 114|0x0000000087200000, 0x0000000087200000, 0x0000000087300000|  0%| F|  |TAMS 0x0000000087200000, 0x0000000087200000| Untracked 
| 115|0x0000000087300000, 0x0000000087300000, 0x0000000087400000|  0%| F|  |TAMS 0x0000000087300000, 0x0000000087300000| Untracked 
| 116|0x0000000087400000, 0x0000000087400000, 0x0000000087500000|  0%| F|  |TAMS 0x0000000087400000, 0x0000000087400000| Untracked 
| 117|0x0000000087500000, 0x0000000087500000, 0x0000000087600000|  0%| F|  |TAMS 0x0000000087500000, 0x0000000087500000| Untracked 
| 118|0x0000000087600000, 0x0000000087600000, 0x0000000087700000|  0%| F|  |TAMS 0x0000000087600000, 0x0000000087600000| Untracked 
| 119|0x0000000087700000, 0x0000000087700000, 0x0000000087800000|  0%| F|  |TAMS 0x0000000087700000, 0x0000000087700000| Untracked 
| 120|0x0000000087800000, 0x0000000087800000, 0x0000000087900000|  0%| F|  |TAMS 0x0000000087800000, 0x0000000087800000| Untracked 
| 121|0x0000000087900000, 0x0000000087900000, 0x0000000087a00000|  0%| F|  |TAMS 0x0000000087900000, 0x0000000087900000| Untracked 
| 122|0x0000000087a00000, 0x0000000087a00000, 0x0000000087b00000|  0%| F|  |TAMS 0x0000000087a00000, 0x0000000087a00000| Untracked 
| 123|0x0000000087b00000, 0x0000000087b00000, 0x0000000087c00000|  0%| F|  |TAMS 0x0000000087b00000, 0x0000000087b00000| Untracked 
| 124|0x0000000087c00000, 0x0000000087c00000, 0x0000000087d00000|  0%| F|  |TAMS 0x0000000087c00000, 0x0000000087c00000| Untracked 
| 125|0x0000000087d00000, 0x0000000087d00000, 0x0000000087e00000|  0%| F|  |TAMS 0x0000000087d00000, 0x0000000087d00000| Untracked 
| 126|0x0000000087e00000, 0x0000000087e00000, 0x0000000087f00000|  0%| F|  |TAMS 0x0000000087e00000, 0x0000000087e00000| Untracked 
| 127|0x0000000087f00000, 0x0000000087f00000, 0x0000000088000000|  0%| F|  |TAMS 0x0000000087f00000, 0x0000000087f00000| Untracked 
| 128|0x0000000088000000, 0x0000000088000000, 0x0000000088100000|  0%| F|  |TAMS 0x0000000088000000, 0x0000000088000000| Untracked 
| 129|0x0000000088100000, 0x0000000088100000, 0x0000000088200000|  0%| F|  |TAMS 0x0000000088100000, 0x0000000088100000| Untracked 
| 130|0x0000000088200000, 0x0000000088200000, 0x0000000088300000|  0%| F|  |TAMS 0x0000000088200000, 0x0000000088200000| Untracked 
| 131|0x0000000088300000, 0x0000000088300000, 0x0000000088400000|  0%| F|  |TAMS 0x0000000088300000, 0x0000000088300000| Untracked 
| 132|0x0000000088400000, 0x0000000088400000, 0x0000000088500000|  0%| F|  |TAMS 0x0000000088400000, 0x0000000088400000| Untracked 
| 133|0x0000000088500000, 0x0000000088500000, 0x0000000088600000|  0%| F|  |TAMS 0x0000000088500000, 0x0000000088500000| Untracked 
| 134|0x0000000088600000, 0x0000000088600000, 0x0000000088700000|  0%| F|  |TAMS 0x0000000088600000, 0x0000000088600000| Untracked 
| 135|0x0000000088700000, 0x0000000088700000, 0x0000000088800000|  0%| F|  |TAMS 0x0000000088700000, 0x0000000088700000| Untracked 
| 136|0x0000000088800000, 0x0000000088800000, 0x0000000088900000|  0%| F|  |TAMS 0x0000000088800000, 0x0000000088800000| Untracked 
| 137|0x0000000088900000, 0x0000000088900000, 0x0000000088a00000|  0%| F|  |TAMS 0x0000000088900000, 0x0000000088900000| Untracked 
| 138|0x0000000088a00000, 0x0000000088a00000, 0x0000000088b00000|  0%| F|  |TAMS 0x0000000088a00000, 0x0000000088a00000| Untracked 
| 139|0x0000000088b00000, 0x0000000088b00000, 0x0000000088c00000|  0%| F|  |TAMS 0x0000000088b00000, 0x0000000088b00000| Untracked 
| 140|0x0000000088c00000, 0x0000000088c00000, 0x0000000088d00000|  0%| F|  |TAMS 0x0000000088c00000, 0x0000000088c00000| Untracked 
| 141|0x0000000088d00000, 0x0000000088da0630, 0x0000000088e00000| 62%| E|  |TAMS 0x0000000088d00000, 0x0000000088d00000| Complete 
| 142|0x0000000088e00000, 0x0000000088f00000, 0x0000000088f00000|100%| E|CS|TAMS 0x0000000088e00000, 0x0000000088e00000| Complete 

Card table byte_map: [0x0000014fbbe30000,0x0000014fbc230000] _byte_map_base: 0x0000014fbba30000

Marking Bits (Prev, Next): (CMBitMap*) 0x0000014fa8f7c4f8, (CMBitMap*) 0x0000014fa8f7c530
 Prev Bits: [0x0000014fbc630000, 0x0000014fbe630000)
 Next Bits: [0x0000014fbe630000, 0x0000014fc0630000)

Polling page: 0x0000014fa8720000

Metaspace:

Usage:
  Non-class:     74.12 MB capacity,    72.85 MB ( 98%) used,     1.04 MB (  1%) free+waste,   235.31 KB ( <1%) overhead. 
      Class:     11.55 MB capacity,    10.78 MB ( 93%) used,   679.30 KB (  6%) free+waste,   105.63 KB ( <1%) overhead. 
       Both:     85.67 MB capacity,    83.63 MB ( 98%) used,     1.71 MB (  2%) free+waste,   340.94 KB ( <1%) overhead. 

Virtual space:
  Non-class space:       76.00 MB reserved,      74.37 MB ( 98%) committed 
      Class space:        1.00 GB reserved,      11.63 MB (  1%) committed 
             Both:        1.07 GB reserved,      86.00 MB (  8%) committed 

Chunk freelists:
   Non-Class:  61.00 KB
       Class:  17.00 KB
        Both:  78.00 KB

MaxMetaspaceSize: 17179869184.00 GB
CompressedClassSpaceSize: 1.00 GB

CodeHeap 'non-profiled nmethods': size=120064Kb used=5461Kb max_used=5461Kb free=114602Kb
 bounds [0x0000014fb44f0000, 0x0000014fb4a50000, 0x0000014fbba30000]
CodeHeap 'profiled nmethods': size=120000Kb used=21833Kb max_used=21833Kb free=98167Kb
 bounds [0x0000014facfc0000, 0x0000014fae520000, 0x0000014fb44f0000]
CodeHeap 'non-nmethods': size=5696Kb used=2279Kb max_used=2321Kb free=3416Kb
 bounds [0x0000014faca30000, 0x0000014facca0000, 0x0000014facfc0000]
 total_blobs=10823 nmethods=9940 adapters=795
 compilation: enabled
              stopped_count=0, restarted_count=0
 full_count=0

Compilation events (20 events):
Event: 299.821 Thread 0x0000014fc2fff800 9987       3       org.apache.xerces.dom.NodeImpl::isIdAttribute (17 bytes)
Event: 299.822 Thread 0x0000014fc2fff800 nmethod 9987 0x0000014fae50cc10 code [0x0000014fae50cdc0, 0x0000014fae50cf18]
Event: 299.824 Thread 0x0000014fc2fff800 9988       3       org.apache.xerces.parsers.AbstractSAXParser$LocatorProxy::getLineNumber (10 bytes)
Event: 299.825 Thread 0x0000014fc2fff800 nmethod 9988 0x0000014fae50cf90 code [0x0000014fae50d160, 0x0000014fae50d468]
Event: 299.825 Thread 0x0000014fc2fff800 9989       3       org.apache.xerces.parsers.AbstractSAXParser$LocatorProxy::getColumnNumber (10 bytes)
Event: 299.827 Thread 0x0000014fc2fff800 nmethod 9989 0x0000014fae50d590 code [0x0000014fae50d760, 0x0000014fae50da68]
Event: 299.827 Thread 0x0000014fc2fff800 9990       3       org.apache.xerces.dom.NodeImpl::isFirstChild (16 bytes)
Event: 299.828 Thread 0x0000014fc2fff800 nmethod 9990 0x0000014fae50db90 code [0x0000014fae50dd40, 0x0000014fae50de98]
Event: 300.231 Thread 0x0000014fc2fff800 9991       1       org.gradle.api.internal.AbstractTask::getInputs (5 bytes)
Event: 300.232 Thread 0x0000014fc2fff800 nmethod 9991 0x0000014fb4a45010 code [0x0000014fb4a451c0, 0x0000014fb4a45278]
Event: 300.274 Thread 0x0000014fc2fff800 9992       3       java.io.ObjectOutputStream$BlockDataOutputStream::drain (45 bytes)
Event: 300.276 Thread 0x0000014fc2fff800 nmethod 9992 0x0000014fae50df10 code [0x0000014fae50e0e0, 0x0000014fae50e398]
Event: 301.007 Thread 0x0000014fc2fff800 9994       3       java.lang.management.ManagementFactory::platformComponents (9 bytes)
Event: 301.009 Thread 0x0000014fc2fff800 nmethod 9994 0x0000014fae50e490 code [0x0000014fae50e680, 0x0000014fae50eb18]
Event: 301.013 Thread 0x0000014fc2fff800 9995       3       com.android.utils.XmlUtils::appendXmlAttributeValue (148 bytes)
Event: 301.018 Thread 0x0000014fc2fff800 nmethod 9995 0x0000014fae50ec90 code [0x0000014fae50ef80, 0x0000014fae50fd28]
Event: 301.048 Thread 0x0000014fc2fff800 9996       3       com.google.common.cache.LocalCache::createSegment (13 bytes)
Event: 301.049 Thread 0x0000014fc2fff800 nmethod 9996 0x0000014fae510390 code [0x0000014fae510540, 0x0000014fae510708]
Event: 301.050 Thread 0x0000014fc2fff800 9997       3       com.google.common.cache.LocalCache$Segment::initTable (51 bytes)
Event: 301.051 Thread 0x0000014fc2fff800 nmethod 9997 0x0000014fae510810 code [0x0000014fae5109e0, 0x0000014fae510d58]

GC Heap History (20 events):
Event: 237.388 GC heap before
{Heap before GC invocations=65 (full 0):
 garbage-first heap   total 101376K, used 74198K [0x0000000080000000, 0x0000000100000000)
  region size 1024K, 26 young (26624K), 3 survivors (3072K)
 Metaspace       used 64532K, capacity 66060K, committed 66300K, reserved 1107968K
  class space    used 8178K, capacity 8729K, committed 8832K, reserved 1048576K
}
Event: 237.431 GC heap after
{Heap after GC invocations=66 (full 0):
 garbage-first heap   total 101376K, used 52790K [0x0000000080000000, 0x0000000100000000)
  region size 1024K, 4 young (4096K), 4 survivors (4096K)
 Metaspace       used 64532K, capacity 66060K, committed 66300K, reserved 1107968K
  class space    used 8178K, capacity 8729K, committed 8832K, reserved 1048576K
}
Event: 242.434 GC heap before
{Heap before GC invocations=67 (full 0):
 garbage-first heap   total 101376K, used 75318K [0x0000000080000000, 0x0000000100000000)
  region size 1024K, 27 young (27648K), 4 survivors (4096K)
 Metaspace       used 67706K, capacity 69362K, committed 69628K, reserved 1110016K
  class space    used 8743K, capacity 9318K, committed 9344K, reserved 1048576K
}
Event: 242.541 GC heap after
{Heap after GC invocations=68 (full 0):
 garbage-first heap   total 101376K, used 54094K [0x0000000080000000, 0x0000000100000000)
  region size 1024K, 2 young (2048K), 2 survivors (2048K)
 Metaspace       used 67706K, capacity 69362K, committed 69628K, reserved 1110016K
  class space    used 8743K, capacity 9318K, committed 9344K, reserved 1048576K
}
Event: 246.474 GC heap before
{Heap before GC invocations=68 (full 0):
 garbage-first heap   total 101376K, used 77646K [0x0000000080000000, 0x0000000100000000)
  region size 1024K, 25 young (25600K), 2 survivors (2048K)
 Metaspace       used 69772K, capacity 71387K, committed 71548K, reserved 1112064K
  class space    used 9020K, capacity 9619K, committed 9728K, reserved 1048576K
}
Event: 246.519 GC heap after
{Heap after GC invocations=69 (full 0):
 garbage-first heap   total 101376K, used 55786K [0x0000000080000000, 0x0000000100000000)
  region size 1024K, 3 young (3072K), 3 survivors (3072K)
 Metaspace       used 69772K, capacity 71387K, committed 71548K, reserved 1112064K
  class space    used 9020K, capacity 9619K, committed 9728K, reserved 1048576K
}
Event: 251.199 GC heap before
{Heap before GC invocations=70 (full 0):
 garbage-first heap   total 101376K, used 79338K [0x0000000080000000, 0x0000000100000000)
  region size 1024K, 26 young (26624K), 3 survivors (3072K)
 Metaspace       used 72143K, capacity 73769K, committed 73852K, reserved 1114112K
  class space    used 9386K, capacity 9963K, committed 9984K, reserved 1048576K
}
Event: 251.258 GC heap after
{Heap after GC invocations=71 (full 0):
 garbage-first heap   total 121856K, used 56949K [0x0000000080000000, 0x0000000100000000)
  region size 1024K, 3 young (3072K), 3 survivors (3072K)
 Metaspace       used 72143K, capacity 73769K, committed 73852K, reserved 1114112K
  class space    used 9386K, capacity 9963K, committed 9984K, reserved 1048576K
}
Event: 257.013 GC heap before
{Heap before GC invocations=71 (full 0):
 garbage-first heap   total 121856K, used 87669K [0x0000000080000000, 0x0000000100000000)
  region size 1024K, 33 young (33792K), 3 survivors (3072K)
 Metaspace       used 75872K, capacity 77638K, committed 77820K, reserved 1116160K
  class space    used 9857K, capacity 10535K, committed 10624K, reserved 1048576K
}
Event: 257.071 GC heap after
{Heap after GC invocations=72 (full 0):
 garbage-first heap   total 121856K, used 59166K [0x0000000080000000, 0x0000000100000000)
  region size 1024K, 4 young (4096K), 4 survivors (4096K)
 Metaspace       used 75872K, capacity 77638K, committed 77820K, reserved 1116160K
  class space    used 9857K, capacity 10535K, committed 10624K, reserved 1048576K
}
Event: 265.598 GC heap before
{Heap before GC invocations=72 (full 0):
 garbage-first heap   total 121856K, used 89886K [0x0000000080000000, 0x0000000100000000)
  region size 1024K, 34 young (34816K), 4 survivors (4096K)
 Metaspace       used 78286K, capacity 80123K, committed 80380K, reserved 1118208K
  class space    used 10181K, capacity 10861K, committed 10880K, reserved 1048576K
}
Event: 265.664 GC heap after
{Heap after GC invocations=73 (full 0):
 garbage-first heap   total 121856K, used 61600K [0x0000000080000000, 0x0000000100000000)
  region size 1024K, 5 young (5120K), 5 survivors (5120K)
 Metaspace       used 78286K, capacity 80123K, committed 80380K, reserved 1118208K
  class space    used 10181K, capacity 10861K, committed 10880K, reserved 1048576K
}
Event: 274.494 GC heap before
{Heap before GC invocations=74 (full 0):
 garbage-first heap   total 121856K, used 91296K [0x0000000080000000, 0x0000000100000000)
  region size 1024K, 35 young (35840K), 5 survivors (5120K)
 Metaspace       used 79066K, capacity 81008K, committed 81020K, reserved 1120256K
  class space    used 10289K, capacity 11001K, committed 11008K, reserved 1048576K
}
Event: 274.588 GC heap after
{Heap after GC invocations=75 (full 0):
 garbage-first heap   total 121856K, used 63509K [0x0000000080000000, 0x0000000100000000)
  region size 1024K, 5 young (5120K), 5 survivors (5120K)
 Metaspace       used 79066K, capacity 81008K, committed 81020K, reserved 1120256K
  class space    used 10289K, capacity 11001K, committed 11008K, reserved 1048576K
}
Event: 280.983 GC heap before
{Heap before GC invocations=75 (full 0):
 garbage-first heap   total 121856K, used 93205K [0x0000000080000000, 0x0000000100000000)
  region size 1024K, 35 young (35840K), 5 survivors (5120K)
 Metaspace       used 79475K, capacity 81407K, committed 81660K, reserved 1120256K
  class space    used 10311K, capacity 11017K, committed 11136K, reserved 1048576K
}
Event: 281.068 GC heap after
{Heap after GC invocations=76 (full 0):
 garbage-first heap   total 146432K, used 65535K [0x0000000080000000, 0x0000000100000000)
  region size 1024K, 4 young (4096K), 4 survivors (4096K)
 Metaspace       used 79475K, capacity 81407K, committed 81660K, reserved 1120256K
  class space    used 10311K, capacity 11017K, committed 11136K, reserved 1048576K
}
Event: 293.416 GC heap before
{Heap before GC invocations=77 (full 0):
 garbage-first heap   total 146432K, used 107519K [0x0000000080000000, 0x0000000100000000)
  region size 1024K, 46 young (47104K), 4 survivors (4096K)
 Metaspace       used 82533K, capacity 84557K, committed 84732K, reserved 1122304K
  class space    used 10638K, capacity 11366K, committed 11392K, reserved 1048576K
}
Event: 293.475 GC heap after
{Heap after GC invocations=78 (full 0):
 garbage-first heap   total 146432K, used 67359K [0x0000000080000000, 0x0000000100000000)
  region size 1024K, 4 young (4096K), 4 survivors (4096K)
 Metaspace       used 82533K, capacity 84557K, committed 84732K, reserved 1122304K
  class space    used 10638K, capacity 11366K, committed 11392K, reserved 1048576K
}
Event: 299.674 GC heap before
{Heap before GC invocations=78 (full 0):
 garbage-first heap   total 146432K, used 111391K [0x0000000080000000, 0x0000000100000000)
  region size 1024K, 47 young (48128K), 4 survivors (4096K)
 Metaspace       used 85577K, capacity 87657K, committed 87804K, reserved 1126400K
  class space    used 11028K, capacity 11821K, committed 11904K, reserved 1048576K
}
Event: 299.745 GC heap after
{Heap after GC invocations=79 (full 0):
 garbage-first heap   total 146432K, used 69519K [0x0000000080000000, 0x0000000100000000)
  region size 1024K, 4 young (4096K), 4 survivors (4096K)
 Metaspace       used 85577K, capacity 87657K, committed 87804K, reserved 1126400K
  class space    used 11028K, capacity 11821K, committed 11904K, reserved 1048576K
}

Deoptimization events (20 events):
Event: 298.669 Thread 0x0000014fc50f9000 DEOPT PACKING pc=0x0000014fb4958534 sp=0x0000004c66ffdea0
Event: 298.669 Thread 0x0000014fc50f9000 DEOPT UNPACKING pc=0x0000014faca5732f sp=0x0000004c66ffdd90 mode 2
Event: 299.418 Thread 0x0000014fc3412800 Uncommon trap: trap_request=0xffffffbe fr.pc=0x0000014fb49adaa0 relative=0x0000000000000880
Event: 299.418 Thread 0x0000014fc3412800 Uncommon trap: reason=profile_predicate action=maybe_recompile pc=0x0000014fb49adaa0 method=com.google.common.collect.RegularImmutableMap.createHashTable([Ljava/lang/Object;III)[I @ 99 c2
Event: 299.418 Thread 0x0000014fc3412800 DEOPT PACKING pc=0x0000014fb49adaa0 sp=0x0000004c659f6ee0
Event: 299.418 Thread 0x0000014fc3412800 DEOPT UNPACKING pc=0x0000014faca5732f sp=0x0000004c659f6e60 mode 2
Event: 299.418 Thread 0x0000014fc3412800 Uncommon trap: trap_request=0xffffffbe fr.pc=0x0000014fb49adaa0 relative=0x0000000000000880
Event: 299.418 Thread 0x0000014fc3412800 Uncommon trap: reason=profile_predicate action=maybe_recompile pc=0x0000014fb49adaa0 method=com.google.common.collect.RegularImmutableMap.createHashTable([Ljava/lang/Object;III)[I @ 99 c2
Event: 299.418 Thread 0x0000014fc3412800 DEOPT PACKING pc=0x0000014fb49adaa0 sp=0x0000004c659f6fd0
Event: 299.418 Thread 0x0000014fc3412800 DEOPT UNPACKING pc=0x0000014faca5732f sp=0x0000004c659f6f50 mode 2
Event: 299.431 Thread 0x0000014fc3412800 Uncommon trap: trap_request=0xffffff4d fr.pc=0x0000014fb4a1ae40 relative=0x00000000000000a0
Event: 299.431 Thread 0x0000014fc3412800 Uncommon trap: reason=unstable_if action=reinterpret pc=0x0000014fb4a1ae40 method=java.lang.Integer.stringSize(I)I @ 3 c2
Event: 299.431 Thread 0x0000014fc3412800 DEOPT PACKING pc=0x0000014fb4a1ae40 sp=0x0000004c659f7200
Event: 299.431 Thread 0x0000014fc3412800 DEOPT UNPACKING pc=0x0000014faca5732f sp=0x0000004c659f7188 mode 2
Event: 299.649 Thread 0x0000014fc50fa800 Uncommon trap: trap_request=0xffffff4d fr.pc=0x0000014fb49da364 relative=0x0000000000000144
Event: 299.649 Thread 0x0000014fc50fa800 Uncommon trap: reason=unstable_if action=reinterpret pc=0x0000014fb49da364 method=java.util.Spliterators$IteratorSpliterator.estimateSize()J @ 4 c2
Event: 299.649 Thread 0x0000014fc50fa800 DEOPT PACKING pc=0x0000014fb49da364 sp=0x0000004c66efe7b0
Event: 299.649 Thread 0x0000014fc50fa800 DEOPT UNPACKING pc=0x0000014faca5732f sp=0x0000004c66efe770 mode 2
Event: 300.308 Thread 0x0000014fc3865800 DEOPT PACKING pc=0x0000014faddfca4b sp=0x0000004c65cfe3d0
Event: 300.309 Thread 0x0000014fc3865800 DEOPT UNPACKING pc=0x0000014faca5714e sp=0x0000004c65cfd890 mode 0

Classes redefined (0 events):
No events

Internal exceptions (20 events):
Event: 253.673 Thread 0x0000014fc3412800 Exception <a 'sun/nio/fs/WindowsException'{0x0000000086a3a810}> (0x0000000086a3a810) thrown at [./src/hotspot/share/prims/jni.cpp, line 615]
Event: 253.674 Thread 0x0000014fc3412800 Exception <a 'sun/nio/fs/WindowsException'{0x0000000086a3b930}> (0x0000000086a3b930) thrown at [./src/hotspot/share/prims/jni.cpp, line 615]
Event: 257.239 Thread 0x0000014fc3412800 Exception <a 'java/lang/NoSuchMethodError'{0x00000000876ef280}: 'java.lang.Object java.lang.invoke.Invokers$Holder.linkToTargetMethod(java.lang.Object, int, int, java.lang.Object)'> (0x00000000876ef280) thrown at [./src/hotspot/share/interpreter/linkResolver.cpp, line 773]
Event: 259.885 Thread 0x0000014fc3865800 Exception <a 'java/lang/NoSuchMethodError'{0x0000000086856a90}: <clinit>> (0x0000000086856a90) thrown at [./src/hotspot/share/prims/jni.cpp, line 1362]
Event: 259.890 Thread 0x0000014fc3865800 Exception <a 'java/lang/NoSuchMethodError'{0x0000000086861ff0}: <clinit>> (0x0000000086861ff0) thrown at [./src/hotspot/share/prims/jni.cpp, line 1362]
Event: 260.095 Thread 0x0000014fc3865800 Exception <a 'java/lang/NoSuchMethodError'{0x0000000086889ab8}: <clinit>> (0x0000000086889ab8) thrown at [./src/hotspot/share/prims/jni.cpp, line 1362]
Event: 260.112 Thread 0x0000014fc3865800 Exception <a 'java/lang/NoSuchMethodError'{0x000000008689dd90}: <clinit>> (0x000000008689dd90) thrown at [./src/hotspot/share/prims/jni.cpp, line 1362]
Event: 260.125 Thread 0x0000014fc3865800 Exception <a 'java/lang/NoSuchMethodError'{0x000000008689f508}: <clinit>> (0x000000008689f508) thrown at [./src/hotspot/share/prims/jni.cpp, line 1362]
Event: 260.475 Thread 0x0000014fc50f2800 Exception <a 'java/lang/NoSuchMethodError'{0x00000000866e8c68}: <clinit>> (0x00000000866e8c68) thrown at [./src/hotspot/share/prims/jni.cpp, line 1362]
Event: 260.493 Thread 0x0000014fc50f2800 Exception <a 'java/lang/NoSuchMethodError'{0x00000000866fd2a8}: <clinit>> (0x00000000866fd2a8) thrown at [./src/hotspot/share/prims/jni.cpp, line 1362]
Event: 260.501 Thread 0x0000014fc50f2800 Exception <a 'java/lang/NoSuchMethodError'{0x0000000086516ed8}: <clinit>> (0x0000000086516ed8) thrown at [./src/hotspot/share/prims/jni.cpp, line 1362]
Event: 260.992 Thread 0x0000014fc3865800 Exception <a 'java/lang/NoSuchMethodError'{0x00000000863244f0}: <clinit>> (0x00000000863244f0) thrown at [./src/hotspot/share/prims/jni.cpp, line 1362]
Event: 261.113 Thread 0x0000014fc50fa800 Exception <a 'java/lang/NoSuchMethodError'{0x00000000863ceee0}: 'java.lang.Object java.lang.invoke.Invokers$Holder.linkToTargetMethod(java.lang.Object, java.lang.Object, java.lang.Object, int, java.lang.Object, java.lang.Object)'> (0x00000000863ceee0) thrown at [./src/hotspot/share/interpreter/linkResolver.cpp, line 773]
Event: 267.189 Thread 0x0000014fc50f6800 Exception <a 'java/lang/NoSuchMethodError'{0x00000000874173e0}: 'java.lang.Object java.lang.invoke.DirectMethodHandle$Holder.invokeSpecialIFC(java.lang.Object, java.lang.Object, java.lang.Object)'> (0x00000000874173e0) thrown at [./src/hotspot/share/interpreter/linkResolver.cpp, line 773]
Event: 267.194 Thread 0x0000014fc50fa800 Exception <a 'java/lang/NoSuchMethodError'{0x00000000875d31b0}: 'java.lang.Object java.lang.invoke.DirectMethodHandle$Holder.invokeSpecialIFC(java.lang.Object, java.lang.Object, java.lang.Object)'> (0x00000000875d31b0) thrown at [./src/hotspot/share/interpreter/linkResolver.cpp, line 773]
Event: 267.615 Thread 0x0000014fc50fa800 Exception <a 'java/lang/NoSuchMethodError'{0x0000000087296cd0}: 'int java.lang.invoke.DirectMethodHandle$Holder.invokeStaticInit(java.lang.Object, java.lang.Object, java.lang.Object, java.lang.Object, java.lang.Object)'> (0x0000000087296cd0) thrown at [./src/hotspot/share/interpreter/linkResolver.cpp, line 773]
Event: 277.414 Thread 0x0000014fc50fa800 Exception <a 'java/lang/IncompatibleClassChangeError'{0x0000000086c5ef28}: Found class java.lang.Object, but interface was expected> (0x0000000086c5ef28) thrown at [./src/hotspot/share/interpreter/linkResolver.cpp, line 839]
Event: 287.781 Thread 0x0000014fc50fa800 Exception <a 'java/lang/NoSuchMethodError'{0x0000000087c55d18}: 'void java.lang.invoke.DirectMethodHandle$Holder.invokeVirtual(java.lang.Object, java.lang.Object)'> (0x0000000087c55d18) thrown at [./src/hotspot/share/interpreter/linkResolver.cpp, line 773]
Event: 292.356 Thread 0x0000014fc50fa800 Exception <a 'java/lang/NoSuchMethodError'{0x0000000086cb8a48}: 'void java.lang.invoke.DirectMethodHandle$Holder.invokeStatic(java.lang.Object, java.lang.Object, java.lang.Object, java.lang.Object, java.lang.Object, java.lang.Object, java.lang.Object)'> (0x0000000086cb8a48) thrown at [./src/hotspot/share/interpreter/linkResolver.cpp, line 773]
Event: 292.461 Thread 0x0000014fc3865800 Exception <a 'java/lang/NoSuchMethodError'{0x0000000086b8d188}: <clinit>> (0x0000000086b8d188) thrown at [./src/hotspot/share/prims/jni.cpp, line 1362]

Events (20 events):
Event: 299.829 loading class com/android/build/gradle/tasks/XmlDocumentUtilsKt
Event: 299.829 loading class com/android/build/gradle/tasks/XmlDocumentUtilsKt done
Event: 300.216 loading class org/gradle/internal/snapshot/UnknownFileSystemNode
Event: 300.216 loading class org/gradle/internal/snapshot/UnknownFileSystemNode done
Event: 300.218 Executing VM operation: Deoptimize
Event: 300.228 Executing VM operation: Deoptimize done
Event: 301.053 loading class org/gradle/api/file/ReproducibleFileVisitor
Event: 301.053 loading class org/gradle/api/file/ReproducibleFileVisitor done
Event: 301.054 loading class org/gradle/api/internal/file/collections/DefaultDirectoryWalker$PathVisitor
Event: 301.054 loading class org/gradle/api/internal/file/collections/DefaultDirectoryWalker$PathVisitor done
Event: 301.059 loading class java/nio/file/FileTreeWalker$1
Event: 301.060 loading class java/nio/file/FileTreeWalker$1 done
Event: 301.065 loading class org/gradle/api/internal/file/DefaultFileVisitDetails
Event: 301.065 loading class org/gradle/api/internal/file/DefaultFileVisitDetails done
Event: 301.067 loading class org/gradle/api/internal/file/DefaultFileTreeElement
Event: 301.067 loading class org/gradle/api/internal/file/DefaultFileTreeElement done
Event: 301.069 loading class org/gradle/api/internal/file/AbstractFileTreeElement
Event: 301.069 loading class org/gradle/api/internal/file/AbstractFileTreeElement done
Event: 301.072 loading class org/gradle/api/internal/file/AbstractFileTreeElement$CopyFileElementException
Event: 301.072 loading class org/gradle/api/internal/file/AbstractFileTreeElement$CopyFileElementException done


Dynamic libraries:
0x00007ff7d0db0000 - 0x00007ff7d0dba000 	C:\Program Files\Android\Android Studio1\jre\bin\java.exe
0x00007ffac7830000 - 0x00007ffac7a25000 	C:\Windows\SYSTEM32\ntdll.dll
0x00007ffac6760000 - 0x00007ffac681e000 	C:\Windows\System32\KERNEL32.DLL
0x00007ffac5530000 - 0x00007ffac57f9000 	C:\Windows\System32\KERNELBASE.dll
0x00007ffac4f50000 - 0x00007ffac5050000 	C:\Windows\System32\ucrtbase.dll
0x00007ffabe650000 - 0x00007ffabe667000 	C:\Program Files\Android\Android Studio1\jre\bin\VCRUNTIME140.dll
0x00007ffabd810000 - 0x00007ffabd829000 	C:\Program Files\Android\Android Studio1\jre\bin\jli.dll
0x00007ffac5910000 - 0x00007ffac5ab1000 	C:\Windows\System32\USER32.dll
0x00007ffac5050000 - 0x00007ffac5072000 	C:\Windows\System32\win32u.dll
0x00007ffac7360000 - 0x00007ffac738b000 	C:\Windows\System32\GDI32.dll
0x00007ffac52e0000 - 0x00007ffac53eb000 	C:\Windows\System32\gdi32full.dll
0x00007ffac5080000 - 0x00007ffac511d000 	C:\Windows\System32\msvcp_win.dll
0x00007ffab5dd0000 - 0x00007ffab606a000 	C:\Windows\WinSxS\amd64_microsoft.windows.common-controls_6595b64144ccf1df_6.0.19041.1110_none_60b5254171f9507e\COMCTL32.dll
0x00007ffac5c50000 - 0x00007ffac5cee000 	C:\Windows\System32\msvcrt.dll
0x00007ffac77c0000 - 0x00007ffac77f0000 	C:\Windows\System32\IMM32.DLL
0x00007ffaaa820000 - 0x00007ffaaa8bd000 	C:\Program Files\Android\Android Studio1\jre\bin\msvcp140.dll
0x00007ffa9d030000 - 0x00007ffa9daff000 	C:\Program Files\Android\Android Studio1\jre\bin\server\jvm.dll
0x00007ffac72b0000 - 0x00007ffac735c000 	C:\Windows\System32\ADVAPI32.dll
0x00007ffac5cf0000 - 0x00007ffac5d8b000 	C:\Windows\System32\sechost.dll
0x00007ffac5dc0000 - 0x00007ffac5eea000 	C:\Windows\System32\RPCRT4.dll
0x00007ffac5b20000 - 0x00007ffac5b28000 	C:\Windows\System32\PSAPI.DLL
0x00007ffab8c40000 - 0x00007ffab8c49000 	C:\Windows\SYSTEM32\WSOCK32.dll
0x00007ffac73a0000 - 0x00007ffac740b000 	C:\Windows\System32\WS2_32.dll
0x00007ffabc8b0000 - 0x00007ffabc8d7000 	C:\Windows\SYSTEM32\WINMM.dll
0x00007ffabcc00000 - 0x00007ffabcc0a000 	C:\Windows\SYSTEM32\VERSION.dll
0x00007ffac2e30000 - 0x00007ffac2e42000 	C:\Windows\SYSTEM32\kernel.appcore.dll
0x00007ffaa8240000 - 0x00007ffaa8251000 	C:\Program Files\Android\Android Studio1\jre\bin\verify.dll
0x00007ffab29f0000 - 0x00007ffab2bd4000 	C:\Windows\SYSTEM32\DBGHELP.DLL
0x00007ffab30a0000 - 0x00007ffab30cc000 	C:\Windows\SYSTEM32\dbgcore.DLL
0x00007ffac54a0000 - 0x00007ffac5523000 	C:\Windows\System32\bcryptPrimitives.dll
0x00007ffaa7b60000 - 0x00007ffaa7b89000 	C:\Program Files\Android\Android Studio1\jre\bin\java.dll
0x00007ffab7c10000 - 0x00007ffab7c1b000 	C:\Program Files\Android\Android Studio1\jre\bin\jimage.dll
0x00007ffaa8220000 - 0x00007ffaa8238000 	C:\Program Files\Android\Android Studio1\jre\bin\zip.dll
0x00007ffac6020000 - 0x00007ffac675f000 	C:\Windows\System32\SHELL32.dll
0x00007ffac3030000 - 0x00007ffac37c0000 	C:\Windows\SYSTEM32\windows.storage.dll
0x00007ffac6a10000 - 0x00007ffac6d65000 	C:\Windows\System32\combase.dll
0x00007ffac4920000 - 0x00007ffac494c000 	C:\Windows\SYSTEM32\Wldp.dll
0x00007ffac6820000 - 0x00007ffac68ce000 	C:\Windows\System32\SHCORE.dll
0x00007ffac5ac0000 - 0x00007ffac5b15000 	C:\Windows\System32\shlwapi.dll
0x00007ffac4e90000 - 0x00007ffac4eaf000 	C:\Windows\SYSTEM32\profapi.dll
0x00007ffaabd60000 - 0x00007ffaabd7a000 	C:\Program Files\Android\Android Studio1\jre\bin\net.dll
0x00007ffab8280000 - 0x00007ffab8388000 	C:\Windows\SYSTEM32\WINHTTP.dll
0x00007ffac4630000 - 0x00007ffac469a000 	C:\Windows\system32\mswsock.dll
0x00007ffaa75e0000 - 0x00007ffaa75f4000 	C:\Program Files\Android\Android Studio1\jre\bin\nio.dll
0x00007ffabe6b0000 - 0x00007ffabe6d7000 	C:\Users\HP14\.gradle\wrapper\dists\gradle-7.0.2\native\8bec1ad78214c89d9ad589b4d07fe93259594b29d510b10fafb7a158f7737e5d\windows-amd64\native-platform.dll
0x00007ffabda00000 - 0x00007ffabdb3d000 	C:\Users\HP14\.gradle\wrapper\dists\gradle-7.0.2\native\53dbd7edfb1c66fb8903c78663c9afc45aea4f116125fa6feffd364cf09443e8\windows-amd64\native-platform-file-events.dll
0x00007ffac0250000 - 0x00007ffac025a000 	C:\Program Files\Android\Android Studio1\jre\bin\management.dll
0x00007ffac0240000 - 0x00007ffac024c000 	C:\Program Files\Android\Android Studio1\jre\bin\management_ext.dll
0x00007ffac4820000 - 0x00007ffac4838000 	C:\Windows\SYSTEM32\CRYPTSP.dll
0x00007ffac3fb0000 - 0x00007ffac3fe4000 	C:\Windows\system32\rsaenh.dll
0x00007ffac5800000 - 0x00007ffac5827000 	C:\Windows\System32\bcrypt.dll
0x00007ffac4e10000 - 0x00007ffac4e3e000 	C:\Windows\SYSTEM32\USERENV.dll
0x00007ffac4cd0000 - 0x00007ffac4cdc000 	C:\Windows\SYSTEM32\CRYPTBASE.dll
0x00007ffac4320000 - 0x00007ffac435b000 	C:\Windows\SYSTEM32\IPHLPAPI.DLL
0x00007ffac7390000 - 0x00007ffac7398000 	C:\Windows\System32\NSI.dll
0x00007ffab9770000 - 0x00007ffab9787000 	C:\Windows\SYSTEM32\dhcpcsvc6.DLL
0x00007ffab9730000 - 0x00007ffab974d000 	C:\Windows\SYSTEM32\dhcpcsvc.DLL
0x00007ffac4370000 - 0x00007ffac443c000 	C:\Windows\SYSTEM32\DNSAPI.dll

dbghelp: loaded successfully - version: 4.0.5 - missing functions: none
symbol engine: initialized successfully - sym options: 0x614 - pdb path: .;C:\Program Files\Android\Android Studio1\jre\bin;C:\Windows\SYSTEM32;C:\Windows\WinSxS\amd64_microsoft.windows.common-controls_6595b64144ccf1df_6.0.19041.1110_none_60b5254171f9507e;C:\Program Files\Android\Android Studio1\jre\bin\server;C:\Users\HP14\.gradle\wrapper\dists\gradle-7.0.2\native\8bec1ad78214c89d9ad589b4d07fe93259594b29d510b10fafb7a158f7737e5d\windows-amd64;C:\Users\HP14\.gradle\wrapper\dists\gradle-7.0.2\native\53dbd7edfb1c66fb8903c78663c9afc45aea4f116125fa6feffd364cf09443e8\windows-amd64

VM Arguments:
jvm_args: --add-opens=java.base/java.util=ALL-UNNAMED --add-opens=java.base/java.lang=ALL-UNNAMED --add-opens=java.base/java.lang.invoke=ALL-UNNAMED --add-opens=java.base/java.util=ALL-UNNAMED --add-opens=java.prefs/java.util.prefs=ALL-UNNAMED --add-opens=java.prefs/java.util.prefs=ALL-UNNAMED --add-opens=java.base/java.nio.charset=ALL-UNNAMED --add-opens=java.base/java.net=ALL-UNNAMED --add-opens=java.base/java.util.concurrent.atomic=ALL-UNNAMED -Xmx2048m -Dfile.encoding=UTF-8 -Duser.country=SV -Duser.language=es -Duser.variant 
java_command: org.gradle.launcher.daemon.bootstrap.GradleDaemon 7.0.2
java_class_path (initial): C:\Users\HP14\.gradle\wrapper\dists\gradle-7.0.2\wrapper\dists\gradle-7.0.2-bin\857tjihv64xamwrf0h14cai3r\gradle-7.0.2\lib\gradle-launcher-7.0.2.jar
Launcher Type: SUN_STANDARD

[Global flags]
     intx CICompilerCount                          = 2                                         {product} {ergonomic}
     uint ConcGCThreads                            = 1                                         {product} {ergonomic}
     uint G1ConcRefinementThreads                  = 2                                         {product} {ergonomic}
   size_t G1HeapRegionSize                         = 1048576                                   {product} {ergonomic}
    uintx GCDrainStackTargetSize                   = 64                                        {product} {ergonomic}
   size_t InitialHeapSize                          = 58720256                                  {product} {ergonomic}
   size_t MarkStackSize                            = 4194304                                   {product} {ergonomic}
   size_t MaxHeapSize                              = 2147483648                                {product} {command line}
   size_t MaxNewSize                               = 1287651328                                {product} {ergonomic}
   size_t MinHeapDeltaBytes                        = 1048576                                   {product} {ergonomic}
    uintx NonNMethodCodeHeapSize                   = 5825164                                {pd product} {ergonomic}
    uintx NonProfiledCodeHeapSize                  = 122916538                              {pd product} {ergonomic}
    uintx ProfiledCodeHeapSize                     = 122916538                              {pd product} {ergonomic}
    uintx ReservedCodeCacheSize                    = 251658240                              {pd product} {ergonomic}
     bool SegmentedCodeCache                       = true                                      {product} {ergonomic}
     bool UseCompressedClassPointers               = true                                 {lp64_product} {ergonomic}
     bool UseCompressedOops                        = true                                 {lp64_product} {ergonomic}
     bool UseG1GC                                  = true                                      {product} {ergonomic}
     bool UseLargePagesIndividualAllocation        = false                                  {pd product} {ergonomic}

Logging:
Log output configuration:
 #0: stdout all=warning uptime,level,tags
 #1: stderr all=off uptime,level,tags

Environment Variables:
PATH=C:\Program Files (x86)\Common Files\Oracle\Java\javapath;C:\Windows\system32;C:\Windows;C:\Windows\System32\Wbem;C:\Windows\System32\WindowsPowerShell\v1.0\;C:\Windows\System32\OpenSSH\;C:\Users\HP14\.gradle\wrapper\dists\gradle-7.0.2\bin;C:\Program Files\Git\cmd;C:\flutter\bin;C:\Users\HP14\.jdks\openjdk-16.0.2\bin;C:\Users\HP14\AppData\Local\Microsoft\WindowsApps;;C:\Program Files\JetBrains\IntelliJ IDEA Community Edition 2021.1.3\bin;;C:\Users\HP14\AppData\Local\Programs\Microsoft VS Code\bin
USERNAME=HP14
OS=Windows_NT
PROCESSOR_IDENTIFIER=AMD64 Family 22 Model 0 Stepping 1, AuthenticAMD



---------------  S Y S T E M  ---------------

OS: Windows 10 , 64 bit Build 19041 (10.0.19041.1202)
OS uptime: 1 days 21:50 hours

CPU:total 2 (initial active 2) (2 cores per cpu, 1 threads per core) family 22 model 0 stepping 1 microcode 0x0, cmov, cx8, fxsr, mmx, sse, sse2, sse3, ssse3, sse4.1, sse4.2, popcnt, avx, aes, clmul, mmxext, 3dnowpref, lzcnt, sse4a, tsc, tscinvbit, tscinv, bmi1

Memory: 4k page, system-wide physical 3558M (304M free)
TotalPageFile size 5558M (AvailPageFile size 6M)
current process WorkingSet (physical memory assigned to process): 361M, peak: 362M
current process commit charge ("private bytes"): 397M, peak: 398M

vm_info: OpenJDK 64-Bit Server VM (11.0.10+0-b96-7249189) for windows-amd64 JRE (11.0.10+0-b96-7249189), built on Mar 31 2021 21:44:00 by "builder" with MS VC++ 14.0 (VS2015)

END.
