#
# There is insufficient memory for the Java Runtime Environment to continue.
# Native memory allocation (mmap) failed to map 1048576 bytes for Failed to commit area from 0x0000000085400000 to 0x0000000085500000 of length 1048576.
# Possible reasons:
#   The system is out of physical RAM or swap space
#   The process is running with CompressedOops enabled, and the Java Heap may be blocking the growth of the native heap
# Possible solutions:
#   Reduce memory load on the system
#   Increase physical memory or swap space
#   Check if swap backing store is full
#   Decrease Java heap size (-Xmx/-Xms)
#   Decrease number of Java threads
#   Decrease Java thread stack sizes (-Xss)
#   Set larger code cache with -XX:ReservedCodeCacheSize=
#   JVM is running with Unscaled Compressed Oops mode in which the Java heap is
#     placed in the first 4GB address space. The Java Heap base address is the
#     maximum limit for the native heap growth. Please use -XX:HeapBaseMinAddress
#     to set the Java Heap base and to place the Java Heap above 4GB virtual address.
# This output file may be truncated or incomplete.
#
#  Out of Memory Error (./src/hotspot/os/windows/os_windows.cpp:3301), pid=5220, tid=972
#
# JRE version: OpenJDK Runtime Environment (11.0.10) (build 11.0.10+0-b96-7249189)
# Java VM: OpenJDK 64-Bit Server VM (11.0.10+0-b96-7249189, mixed mode, tiered, compressed oops, g1 gc, windows-amd64)
# No core dump will be written. Minidumps are not enabled by default on client versions of Windows
#

---------------  S U M M A R Y ------------

Command Line: --add-opens=java.base/java.util=ALL-UNNAMED --add-opens=java.base/java.lang=ALL-UNNAMED --add-opens=java.base/java.lang.invoke=ALL-UNNAMED --add-opens=java.base/java.util=ALL-UNNAMED --add-opens=java.prefs/java.util.prefs=ALL-UNNAMED --add-opens=java.prefs/java.util.prefs=ALL-UNNAMED --add-opens=java.base/java.nio.charset=ALL-UNNAMED --add-opens=java.base/java.net=ALL-UNNAMED --add-opens=java.base/java.util.concurrent.atomic=ALL-UNNAMED -Xmx2048m -Dfile.encoding=UTF-8 -Duser.country=SV -Duser.language=es -Duser.variant org.gradle.launcher.daemon.bootstrap.GradleDaemon 7.0.2

Host: AMD E1-2100 APU with Radeon(TM) HD Graphics    , 2 cores, 3G,  Windows 10 , 64 bit Build 19041 (10.0.19041.1202)
Time: Mon Sep 27 20:24:54 2021 Hora estándar, América Central elapsed time: 467.040127 seconds (0d 0h 7m 47s)

---------------  T H R E A D  ---------------

Current thread (0x000001848d840000):  GCTaskThread "GC Thread#0" [stack: 0x00000026d1e00000,0x00000026d1f00000] [id=972]

Stack: [0x00000026d1e00000,0x00000026d1f00000]
[error occurred during error reporting (printing stack bounds), id 0xc0000005, EXCEPTION_ACCESS_VIOLATION (0xc0000005) at pc=0x0000018491320f2d]

Native frames: (J=compiled Java code, j=interpreted, Vv=VM code, C=native code)
V  [jvm.dll+0x5ecfaa]
V  [jvm.dll+0x722bd5]
V  [jvm.dll+0x72412d]
V  [jvm.dll+0x724745]
V  [jvm.dll+0x7246fb]
V  [jvm.dll+0x5ec348]
V  [jvm.dll+0x5ecad8]
C  [ntdll.dll+0xa20cf]
C  [ntdll.dll+0x51454]
C  [ntdll.dll+0xa0bfe]
C  0x0000018491320f2d


---------------  P R O C E S S  ---------------

Threads class SMR info:
_java_thread_list=0x00000184ac1abae0, length=38, elements={
0x000001848d829000, 0x00000184a76fc000, 0x00000184a76fd000, 0x00000184a7757800,
0x00000184a7759000, 0x00000184a775c000, 0x00000184a775f000, 0x00000184a78f6000,
0x00000184a78f9800, 0x00000184a79ed800, 0x00000184a92e0000, 0x00000184a8fb6800,
0x00000184a7923800, 0x00000184a8eb0800, 0x00000184a8eb1800, 0x00000184a90b7800,
0x00000184a8dd8800, 0x00000184a8884800, 0x00000184a8863000, 0x00000184a8867000,
0x00000184a8868000, 0x00000184a8864000, 0x00000184a8862000, 0x00000184a8864800,
0x00000184a8869000, 0x00000184a8866800, 0x00000184a8f6c800, 0x00000184a8f6f000,
0x00000184a8f69800, 0x00000184a8f6a000, 0x00000184a8f6d800, 0x00000184a8f70000,
0x00000184a8f6b000, 0x00000184a8f71800, 0x00000184a8f74000, 0x00000184a8f6e000,
0x00000184a8f77000, 0x00000184a8f72800
}

Java Threads: ( => current thread )
  0x000001848d829000 JavaThread "main" [_thread_blocked, id=8032, stack(0x00000026d1c00000,0x00000026d1d00000)]
  0x00000184a76fc000 JavaThread "Reference Handler" daemon [_thread_blocked, id=820, stack(0x00000026d2400000,0x00000026d2500000)]
  0x00000184a76fd000 JavaThread "Finalizer" daemon [_thread_blocked, id=6680, stack(0x00000026d2500000,0x00000026d2600000)]
  0x00000184a7757800 JavaThread "Signal Dispatcher" daemon [_thread_blocked, id=1324, stack(0x00000026d2600000,0x00000026d2700000)]
  0x00000184a7759000 JavaThread "Attach Listener" daemon [_thread_blocked, id=4916, stack(0x00000026d2700000,0x00000026d2800000)]
  0x00000184a775c000 JavaThread "Service Thread" daemon [_thread_blocked, id=4032, stack(0x00000026d2800000,0x00000026d2900000)]
  0x00000184a775f000 JavaThread "C2 CompilerThread0" daemon [_thread_blocked, id=1508, stack(0x00000026d2900000,0x00000026d2a00000)]
  0x00000184a78f6000 JavaThread "C1 CompilerThread0" daemon [_thread_blocked, id=6768, stack(0x00000026d2a00000,0x00000026d2b00000)]
  0x00000184a78f9800 JavaThread "Sweeper thread" daemon [_thread_blocked, id=8068, stack(0x00000026d2b00000,0x00000026d2c00000)]
  0x00000184a79ed800 JavaThread "Common-Cleaner" daemon [_thread_blocked, id=1368, stack(0x00000026d2c00000,0x00000026d2d00000)]
  0x00000184a92e0000 JavaThread "Daemon health stats" [_thread_blocked, id=5800, stack(0x00000026d1b00000,0x00000026d1c00000)]
  0x00000184a8fb6800 JavaThread "Incoming local TCP Connector on port 51283" [_thread_in_native, id=1520, stack(0x00000026d3200000,0x00000026d3300000)]
  0x00000184a7923800 JavaThread "Daemon periodic checks" [_thread_blocked, id=4176, stack(0x00000026d3300000,0x00000026d3400000)]
  0x00000184a8eb0800 JavaThread "Daemon" [_thread_blocked, id=6152, stack(0x00000026d3400000,0x00000026d3500000)]
  0x00000184a8eb1800 JavaThread "Handler for socket connection from /127.0.0.1:51283 to /127.0.0.1:51284" [_thread_in_native, id=4472, stack(0x00000026d3500000,0x00000026d3600000)]
  0x00000184a90b7800 JavaThread "Cancel handler" [_thread_blocked, id=4288, stack(0x00000026d3600000,0x00000026d3700000)]
  0x00000184a8dd8800 JavaThread "Daemon worker" [_thread_blocked, id=3532, stack(0x00000026d3700000,0x00000026d3800000)]
  0x00000184a8884800 JavaThread "Asynchronous log dispatcher for DefaultDaemonConnection: socket connection from /127.0.0.1:51283 to /127.0.0.1:51284" [_thread_blocked, id=6716, stack(0x00000026d3800000,0x00000026d3900000)]
  0x00000184a8863000 JavaThread "Daemon client event forwarder" [_thread_blocked, id=6444, stack(0x00000026d3a00000,0x00000026d3b00000)]
  0x00000184a8867000 JavaThread "Cache worker for file hash cache (C:\Users\HP14\.gradle\wrapper\dists\gradle-7.0.2\caches\7.0.2\fileHashes)" [_thread_blocked, id=7072, stack(0x00000026d3b00000,0x00000026d3c00000)]
  0x00000184a8868000 JavaThread "File lock request listener" [_thread_in_native, id=6884, stack(0x00000026d3c00000,0x00000026d3d00000)]
  0x00000184a8864000 JavaThread "Cache worker for journal cache (C:\Users\HP14\.gradle\wrapper\dists\gradle-7.0.2\caches\journal-1)" [_thread_blocked, id=2236, stack(0x00000026d3d00000,0x00000026d3e00000)]
  0x00000184a8862000 JavaThread "Cache worker for file hash cache (C:\Users\HP14\AndroidStudioProjects\ExamenII\.gradle\7.0.2\fileHashes)" [_thread_blocked, id=5148, stack(0x00000026d3f00000,0x00000026d4000000)]
  0x00000184a8864800 JavaThread "File watcher server" daemon [_thread_in_native, id=7264, stack(0x00000026d1d00000,0x00000026d1e00000)]
  0x00000184a8869000 JavaThread "File watcher consumer" daemon [_thread_blocked, id=3636, stack(0x00000026d2f00000,0x00000026d3000000)]
  0x00000184a8866800 JavaThread "jar transforms" [_thread_blocked, id=3992, stack(0x00000026d4000000,0x00000026d4100000)]
  0x00000184a8f6c800 JavaThread "jar transforms Thread 2" [_thread_blocked, id=2220, stack(0x00000026d4100000,0x00000026d4200000)]
  0x00000184a8f6f000 JavaThread "Cache worker for checksums cache (C:\Users\HP14\AndroidStudioProjects\ExamenII\.gradle\checksums)" [_thread_blocked, id=5192, stack(0x00000026d4200000,0x00000026d4300000)]
  0x00000184a8f69800 JavaThread "Cache worker for cache directory md-supplier (C:\Users\HP14\.gradle\wrapper\dists\gradle-7.0.2\caches\7.0.2\md-supplier)" [_thread_blocked, id=6416, stack(0x00000026d4300000,0x00000026d4400000)]
  0x00000184a8f6a000 JavaThread "Cache worker for cache directory md-rule (C:\Users\HP14\.gradle\wrapper\dists\gradle-7.0.2\caches\7.0.2\md-rule)" [_thread_blocked, id=744, stack(0x00000026d4400000,0x00000026d4500000)]
  0x00000184a8f6d800 JavaThread "Cache worker for execution history cache (C:\Users\HP14\.gradle\wrapper\dists\gradle-7.0.2\caches\7.0.2\executionHistory)" [_thread_blocked, id=5604, stack(0x00000026d4500000,0x00000026d4600000)]
  0x00000184a8f70000 JavaThread "Cache worker for file content cache (C:\Users\HP14\.gradle\wrapper\dists\gradle-7.0.2\caches\7.0.2\fileContent)" [_thread_blocked, id=6072, stack(0x00000026d3900000,0x00000026d3a00000)]
  0x00000184a8f6b000 JavaThread "Cache worker for dependencies-accessors (C:\Users\HP14\AndroidStudioProjects\ExamenII\.gradle\7.0.2\dependencies-accessors)" [_thread_blocked, id=6636, stack(0x00000026d3000000,0x00000026d3100000)]
  0x00000184a8f71800 JavaThread "Cache worker for Build Output Cleanup Cache (C:\Users\HP14\AndroidStudioProjects\ExamenII\.gradle\buildOutputCleanup)" [_thread_blocked, id=908, stack(0x00000026d4600000,0x00000026d4700000)]
  0x00000184a8f74000 JavaThread "File lock release action executor Thread 2" [_thread_blocked, id=5548, stack(0x00000026d3100000,0x00000026d3200000)]
  0x00000184a8f6e000 JavaThread "Build operations" [_thread_blocked, id=2232, stack(0x00000026d4700000,0x00000026d4800000)]
  0x00000184a8f77000 JavaThread "Build operations Thread 2" [_thread_blocked, id=844, stack(0x00000026d4800000,0x00000026d4900000)]
  0x00000184a8f72800 JavaThread "Memory manager" [_thread_blocked, id=5552, stack(0x00000026d3e00000,0x00000026d3f00000)]

Other Threads:
  0x00000184a76c0800 VMThread "VM Thread" [stack: 0x00000026d2300000,0x00000026d2400000] [id=6772]
  0x00000184a7a35800 WatcherThread [stack: 0x00000026d2d00000,0x00000026d2e00000] [id=2756]
=>0x000001848d840000 GCTaskThread "GC Thread#0" [stack: 0x00000026d1e00000,0x00000026d1f00000] [id=972]
  0x00000184a7b1b800 GCTaskThread "GC Thread#1" [stack: 0x00000026d2e00000,0x00000026d2f00000] [id=1440]
  0x000001848d873800 ConcurrentGCThread "G1 Main Marker" [stack: 0x00000026d1f00000,0x00000026d2000000] [id=7712]
  0x000001848d875800 ConcurrentGCThread "G1 Conc#0" [stack: 0x00000026d2000000,0x00000026d2100000] [id=6372]
  0x000001848d8b3800 ConcurrentGCThread "G1 Refine#0" [stack: 0x00000026d2100000,0x00000026d2200000] [id=3100]
  0x000001848d8b4800 ConcurrentGCThread "G1 Young RemSet Sampling" [stack: 0x00000026d2200000,0x00000026d2300000] [id=456]

Threads with active compile tasks:
C2 CompilerThread0 467098 7380       4       org.objectweb.asm.MethodWriter::putMethodInfo (1274 bytes)

VM state:at safepoint (normal execution)

VM Mutex/Monitor currently owned by a thread:  ([mutex/lock_event])
[0x000001848b788210] FreeList_lock - owner thread: 0x000001848d840000
[0x000001848d8247e0] Threads_lock - owner thread: 0x00000184a76c0800
[0x000001848d824ea0] Heap_lock - owner thread: 0x00000184a8dd8800

Heap address: 0x0000000080000000, size: 2048 MB, Compressed Oops mode: 32-bit
Narrow klass base: 0x0000000000000000, Narrow klass shift: 3
Compressed class space size: 1073741824 Address: 0x0000000100000000

Heap:
 garbage-first heap   total 87040K, used 84559K [0x0000000080000000, 0x0000000100000000)
  region size 1024K, 4 young (4096K), 1 survivors (1024K)
 Metaspace       used 71266K, capacity 73084K, committed 73344K, reserved 1112064K
  class space    used 9221K, capacity 9840K, committed 9856K, reserved 1048576K
Heap Regions: E=young(eden), S=young(survivor), O=old, HS=humongous(starts), HC=humongous(continues), CS=collection set, F=free, A=archive, TAMS=top-at-mark-start (previous, next)
|   0|0x0000000080000000, 0x0000000080100000, 0x0000000080100000|100%| O|  |TAMS 0x0000000080100000, 0x0000000080000000| Untracked 
|   1|0x0000000080100000, 0x0000000080200000, 0x0000000080200000|100%| O|  |TAMS 0x0000000080200000, 0x0000000080100000| Untracked 
|   2|0x0000000080200000, 0x0000000080300000, 0x0000000080300000|100%| O|  |TAMS 0x0000000080300000, 0x0000000080200000| Untracked 
|   3|0x0000000080300000, 0x0000000080400000, 0x0000000080400000|100%| O|  |TAMS 0x0000000080400000, 0x0000000080300000| Untracked 
|   4|0x0000000080400000, 0x0000000080500000, 0x0000000080500000|100%|HS|  |TAMS 0x0000000080500000, 0x0000000080400000| Complete 
|   5|0x0000000080500000, 0x0000000080600000, 0x0000000080600000|100%|HC|  |TAMS 0x0000000080600000, 0x0000000080500000| Complete 
|   6|0x0000000080600000, 0x0000000080700000, 0x0000000080700000|100%|HC|  |TAMS 0x0000000080700000, 0x0000000080600000| Complete 
|   7|0x0000000080700000, 0x0000000080800000, 0x0000000080800000|100%| O|  |TAMS 0x0000000080800000, 0x0000000080700000| Untracked 
|   8|0x0000000080800000, 0x0000000080900000, 0x0000000080900000|100%| O|  |TAMS 0x0000000080900000, 0x0000000080800000| Untracked 
|   9|0x0000000080900000, 0x0000000080a00000, 0x0000000080a00000|100%| O|  |TAMS 0x0000000080a00000, 0x0000000080900000| Untracked 
|  10|0x0000000080a00000, 0x0000000080b00000, 0x0000000080b00000|100%| O|  |TAMS 0x0000000080b00000, 0x0000000080a00000| Untracked 
|  11|0x0000000080b00000, 0x0000000080c00000, 0x0000000080c00000|100%| O|  |TAMS 0x0000000080c00000, 0x0000000080b00000| Untracked 
|  12|0x0000000080c00000, 0x0000000080d00000, 0x0000000080d00000|100%| O|  |TAMS 0x0000000080d00000, 0x0000000080c00000| Untracked 
|  13|0x0000000080d00000, 0x0000000080e00000, 0x0000000080e00000|100%| O|  |TAMS 0x0000000080e00000, 0x0000000080d00000| Untracked 
|  14|0x0000000080e00000, 0x0000000080f00000, 0x0000000080f00000|100%| O|  |TAMS 0x0000000080f00000, 0x0000000080e00000| Untracked 
|  15|0x0000000080f00000, 0x0000000081000000, 0x0000000081000000|100%| O|  |TAMS 0x0000000081000000, 0x0000000080f00000| Untracked 
|  16|0x0000000081000000, 0x0000000081100000, 0x0000000081100000|100%| O|  |TAMS 0x0000000081100000, 0x0000000081000000| Untracked 
|  17|0x0000000081100000, 0x0000000081200000, 0x0000000081200000|100%|HS|  |TAMS 0x0000000081200000, 0x0000000081100000| Complete 
|  18|0x0000000081200000, 0x0000000081300000, 0x0000000081300000|100%|HC|  |TAMS 0x0000000081300000, 0x0000000081200000| Complete 
|  19|0x0000000081300000, 0x0000000081400000, 0x0000000081400000|100%|HS|  |TAMS 0x0000000081400000, 0x0000000081300000| Complete 
|  20|0x0000000081400000, 0x0000000081500000, 0x0000000081500000|100%|HC|  |TAMS 0x0000000081500000, 0x0000000081400000| Complete 
|  21|0x0000000081500000, 0x0000000081600000, 0x0000000081600000|100%|HC|  |TAMS 0x0000000081600000, 0x0000000081500000| Complete 
|  22|0x0000000081600000, 0x0000000081700000, 0x0000000081700000|100%| O|  |TAMS 0x0000000081700000, 0x0000000081600000| Untracked 
|  23|0x0000000081700000, 0x0000000081800000, 0x0000000081800000|100%|HS|  |TAMS 0x0000000081800000, 0x0000000081700000| Complete 
|  24|0x0000000081800000, 0x0000000081900000, 0x0000000081900000|100%|HC|  |TAMS 0x0000000081900000, 0x0000000081800000| Complete 
|  25|0x0000000081900000, 0x0000000081a00000, 0x0000000081a00000|100%|HC|  |TAMS 0x0000000081a00000, 0x0000000081900000| Complete 
|  26|0x0000000081a00000, 0x0000000081b00000, 0x0000000081b00000|100%|HC|  |TAMS 0x0000000081b00000, 0x0000000081a00000| Complete 
|  27|0x0000000081b00000, 0x0000000081c00000, 0x0000000081c00000|100%|HC|  |TAMS 0x0000000081c00000, 0x0000000081b00000| Complete 
|  28|0x0000000081c00000, 0x0000000081d00000, 0x0000000081d00000|100%| O|  |TAMS 0x0000000081d00000, 0x0000000081c00000| Untracked 
|  29|0x0000000081d00000, 0x0000000081e00000, 0x0000000081e00000|100%| O|  |TAMS 0x0000000081e00000, 0x0000000081d00000| Untracked 
|  30|0x0000000081e00000, 0x0000000081f00000, 0x0000000081f00000|100%| O|  |TAMS 0x0000000081f00000, 0x0000000081e00000| Untracked 
|  31|0x0000000081f00000, 0x0000000082000000, 0x0000000082000000|100%| O|  |TAMS 0x0000000082000000, 0x0000000081f00000| Untracked 
|  32|0x0000000082000000, 0x0000000082100000, 0x0000000082100000|100%| O|  |TAMS 0x0000000082100000, 0x0000000082000000| Untracked 
|  33|0x0000000082100000, 0x0000000082200000, 0x0000000082200000|100%| O|  |TAMS 0x0000000082200000, 0x0000000082100000| Untracked 
|  34|0x0000000082200000, 0x0000000082300000, 0x0000000082300000|100%| O|  |TAMS 0x0000000082300000, 0x0000000082200000| Untracked 
|  35|0x0000000082300000, 0x0000000082400000, 0x0000000082400000|100%| O|  |TAMS 0x0000000082400000, 0x0000000082300000| Untracked 
|  36|0x0000000082400000, 0x0000000082500000, 0x0000000082500000|100%| O|  |TAMS 0x0000000082500000, 0x0000000082400000| Untracked 
|  37|0x0000000082500000, 0x0000000082600000, 0x0000000082600000|100%| O|  |TAMS 0x0000000082600000, 0x0000000082500000| Untracked 
|  38|0x0000000082600000, 0x0000000082700000, 0x0000000082700000|100%| O|  |TAMS 0x0000000082700000, 0x0000000082600000| Untracked 
|  39|0x0000000082700000, 0x0000000082800000, 0x0000000082800000|100%| O|  |TAMS 0x0000000082800000, 0x0000000082700000| Untracked 
|  40|0x0000000082800000, 0x0000000082900000, 0x0000000082900000|100%| O|  |TAMS 0x0000000082900000, 0x0000000082800000| Untracked 
|  41|0x0000000082900000, 0x0000000082a00000, 0x0000000082a00000|100%| O|  |TAMS 0x0000000082a00000, 0x0000000082900000| Untracked 
|  42|0x0000000082a00000, 0x0000000082b00000, 0x0000000082b00000|100%|HS|  |TAMS 0x0000000082b00000, 0x0000000082a00000| Complete 
|  43|0x0000000082b00000, 0x0000000082c00000, 0x0000000082c00000|100%|HC|  |TAMS 0x0000000082c00000, 0x0000000082b00000| Complete 
|  44|0x0000000082c00000, 0x0000000082d00000, 0x0000000082d00000|100%|HC|  |TAMS 0x0000000082d00000, 0x0000000082c00000| Complete 
|  45|0x0000000082d00000, 0x0000000082e00000, 0x0000000082e00000|100%|HC|  |TAMS 0x0000000082e00000, 0x0000000082d00000| Complete 
|  46|0x0000000082e00000, 0x0000000082f00000, 0x0000000082f00000|100%|HC|  |TAMS 0x0000000082f00000, 0x0000000082e00000| Complete 
|  47|0x0000000082f00000, 0x0000000083000000, 0x0000000083000000|100%| O|  |TAMS 0x0000000083000000, 0x0000000082f00000| Untracked 
|  48|0x0000000083000000, 0x0000000083100000, 0x0000000083100000|100%| O|  |TAMS 0x0000000083100000, 0x0000000083000000| Untracked 
|  49|0x0000000083100000, 0x0000000083200000, 0x0000000083200000|100%| O|  |TAMS 0x0000000083200000, 0x0000000083100000| Untracked 
|  50|0x0000000083200000, 0x0000000083300000, 0x0000000083300000|100%|HS|  |TAMS 0x0000000083300000, 0x0000000083200000| Complete 
|  51|0x0000000083300000, 0x0000000083400000, 0x0000000083400000|100%|HC|  |TAMS 0x0000000083400000, 0x0000000083300000| Complete 
|  52|0x0000000083400000, 0x0000000083500000, 0x0000000083500000|100%|HC|  |TAMS 0x0000000083500000, 0x0000000083400000| Complete 
|  53|0x0000000083500000, 0x0000000083600000, 0x0000000083600000|100%| O|  |TAMS 0x0000000083600000, 0x0000000083500000| Untracked 
|  54|0x0000000083600000, 0x0000000083700000, 0x0000000083700000|100%| O|  |TAMS 0x0000000083700000, 0x0000000083600000| Untracked 
|  55|0x0000000083700000, 0x0000000083800000, 0x0000000083800000|100%| O|  |TAMS 0x0000000083800000, 0x0000000083700000| Untracked 
|  56|0x0000000083800000, 0x0000000083900000, 0x0000000083900000|100%| O|  |TAMS 0x0000000083900000, 0x0000000083800000| Untracked 
|  57|0x0000000083900000, 0x0000000083a00000, 0x0000000083a00000|100%|HS|  |TAMS 0x0000000083a00000, 0x0000000083900000| Complete 
|  58|0x0000000083a00000, 0x0000000083b00000, 0x0000000083b00000|100%|HS|  |TAMS 0x0000000083b00000, 0x0000000083a00000| Complete 
|  59|0x0000000083b00000, 0x0000000083c00000, 0x0000000083c00000|100%| O|  |TAMS 0x0000000083c00000, 0x0000000083b00000| Untracked 
|  60|0x0000000083c00000, 0x0000000083d00000, 0x0000000083d00000|100%| O|  |TAMS 0x0000000083d00000, 0x0000000083c00000| Untracked 
|  61|0x0000000083d00000, 0x0000000083e00000, 0x0000000083e00000|100%| O|  |TAMS 0x0000000083e00000, 0x0000000083d00000| Untracked 
|  62|0x0000000083e00000, 0x0000000083f00000, 0x0000000083f00000|100%| O|  |TAMS 0x0000000083f00000, 0x0000000083e00000| Untracked 
|  63|0x0000000083f00000, 0x0000000084000000, 0x0000000084000000|100%|HS|  |TAMS 0x0000000084000000, 0x0000000083f00000| Complete 
|  64|0x0000000084000000, 0x0000000084100000, 0x0000000084100000|100%|HC|  |TAMS 0x0000000084100000, 0x0000000084000000| Complete 
|  65|0x0000000084100000, 0x0000000084200000, 0x0000000084200000|100%| O|  |TAMS 0x0000000084200000, 0x0000000084100000| Untracked 
|  66|0x0000000084200000, 0x0000000084300000, 0x0000000084300000|100%| O|  |TAMS 0x0000000084300000, 0x0000000084200000| Untracked 
|  67|0x0000000084300000, 0x0000000084400000, 0x0000000084400000|100%| O|  |TAMS 0x0000000084400000, 0x0000000084300000| Untracked 
|  68|0x0000000084400000, 0x0000000084500000, 0x0000000084500000|100%| O|  |TAMS 0x0000000084500000, 0x0000000084400000| Untracked 
|  69|0x0000000084500000, 0x0000000084600000, 0x0000000084600000|100%| O|  |TAMS 0x0000000084600000, 0x0000000084500000| Untracked 
|  70|0x0000000084600000, 0x0000000084700000, 0x0000000084700000|100%| O|  |TAMS 0x0000000084700000, 0x0000000084600000| Untracked 
|  71|0x0000000084700000, 0x0000000084800000, 0x0000000084800000|100%| O|  |TAMS 0x0000000084800000, 0x0000000084700000| Untracked 
|  72|0x0000000084800000, 0x0000000084900000, 0x0000000084900000|100%| O|  |TAMS 0x0000000084900000, 0x0000000084800000| Untracked 
|  73|0x0000000084900000, 0x0000000084a00000, 0x0000000084a00000|100%| O|  |TAMS 0x0000000084a00000, 0x0000000084900000| Untracked 
|  74|0x0000000084a00000, 0x0000000084b00000, 0x0000000084b00000|100%| O|  |TAMS 0x0000000084b00000, 0x0000000084a00000| Untracked 
|  75|0x0000000084b00000, 0x0000000084c00000, 0x0000000084c00000|100%| O|  |TAMS 0x0000000084c00000, 0x0000000084b00000| Untracked 
|  76|0x0000000084c00000, 0x0000000084d00000, 0x0000000084d00000|100%| O|  |TAMS 0x0000000084d00000, 0x0000000084c00000| Untracked 
|  77|0x0000000084d00000, 0x0000000084d68928, 0x0000000084e00000| 40%| S|  |TAMS 0x0000000084d00000, 0x0000000084d00000| Complete 
|  78|0x0000000084e00000, 0x0000000084ea7e10, 0x0000000084f00000| 65%| E|CS|TAMS 0x0000000084e00000, 0x0000000084e00000| Complete 
|  79|0x0000000084f00000, 0x0000000085000000, 0x0000000085000000|100%| E|CS|TAMS 0x0000000084f00000, 0x0000000084f00000| Complete 
|  80|0x0000000085000000, 0x0000000085100000, 0x0000000085100000|100%| E|CS|TAMS 0x0000000085000000, 0x0000000085000000| Complete 
|  81|0x0000000085100000, 0x0000000085200000, 0x0000000085200000|100%| E|CS|TAMS 0x0000000085100000, 0x0000000085100000| Complete 
|  82|0x0000000085200000, 0x0000000085300000, 0x0000000085300000|100%| O|  |TAMS 0x0000000085300000, 0x0000000085200000| Untracked 
|  83|0x0000000085300000, 0x0000000085400000, 0x0000000085400000|100%| O|  |TAMS 0x00000000853ec000, 0x0000000085300000| Untracked 

Card table byte_map: [0x00000184a0320000,0x00000184a0720000] _byte_map_base: 0x000001849ff20000

Marking Bits (Prev, Next): (CMBitMap*) 0x000001848d86aa18, (CMBitMap*) 0x000001848d86aa50
 Prev Bits: [0x00000184a0b20000, 0x00000184a2b20000)
 Next Bits: [0x00000184a2b20000, 0x00000184a4b20000)

Polling page: 0x000001848b740000

Metaspace:

Usage:
  Non-class:     61.76 MB capacity,    60.59 MB ( 98%) used,  1023.30 KB (  2%) free+waste,   175.75 KB ( <1%) overhead. 
      Class:      9.61 MB capacity,     9.01 MB ( 94%) used,   535.83 KB (  5%) free+waste,    82.31 KB ( <1%) overhead. 
       Both:     71.37 MB capacity,    69.60 MB ( 98%) used,     1.52 MB (  2%) free+waste,   258.06 KB ( <1%) overhead. 

Virtual space:
  Non-class space:       62.00 MB reserved,      62.00 MB (100%) committed 
      Class space:        1.00 GB reserved,       9.63 MB ( <1%) committed 
             Both:        1.06 GB reserved,      71.63 MB (  7%) committed 

Chunk freelists:
   Non-Class:  52.00 KB
       Class:  16.00 KB
        Both:  68.00 KB

MaxMetaspaceSize: 17179869184.00 GB
CompressedClassSpaceSize: 1.00 GB

CodeHeap 'non-profiled nmethods': size=120064Kb used=4751Kb max_used=4751Kb free=115312Kb
 bounds [0x0000018498de0000, 0x0000018499290000, 0x00000184a0320000]
CodeHeap 'profiled nmethods': size=120000Kb used=16259Kb max_used=16259Kb free=103740Kb
 bounds [0x00000184918b0000, 0x00000184928a0000, 0x0000018498de0000]
CodeHeap 'non-nmethods': size=5696Kb used=2263Kb max_used=2303Kb free=3432Kb
 bounds [0x0000018491320000, 0x0000018491590000, 0x00000184918b0000]
 total_blobs=8213 nmethods=7355 adapters=770
 compilation: enabled
              stopped_count=0, restarted_count=0
 full_count=0

Compilation events (20 events):
Event: 466.290 Thread 0x00000184a78f6000 nmethod 7370 0x0000018492885610 code [0x00000184928857c0, 0x00000184928859d8]
Event: 466.293 Thread 0x00000184a775f000 7371       4       java.lang.AbstractStringBuilder::appendChars (133 bytes)
Event: 466.313 Thread 0x00000184a775f000 nmethod 7371 0x0000018499282090 code [0x0000018499282260, 0x0000018499282550]
Event: 466.334 Thread 0x00000184a78f6000 7372       3       org.objectweb.asm.ClassReader::readMethod (1061 bytes)
Event: 466.451 Thread 0x00000184a775f000 7375       4       org.objectweb.asm.MethodWriter::computeMethodInfoSize (571 bytes)
Event: 466.489 Thread 0x00000184a775f000 nmethod 7375 0x0000018499282790 code [0x00000184992829c0, 0x0000018499283070]
Event: 466.529 Thread 0x00000184a78f6000 nmethod 7372 0x0000018492885a90 code [0x0000018492886220, 0x000001849288b3f8]
Event: 466.529 Thread 0x00000184a78f6000 7373       3       org.gradle.initialization.MixInLegacyTypesClassLoader$TransformingAdapter::visitMethod (129 bytes)
Event: 466.536 Thread 0x00000184a78f6000 nmethod 7373 0x000001849288d910 code [0x000001849288dc60, 0x000001849288f098]
Event: 466.536 Thread 0x00000184a78f6000 7374       3       org.objectweb.asm.ClassVisitor::visitMethod (24 bytes)
Event: 466.537 Thread 0x00000184a78f6000 nmethod 7374 0x000001849288f710 code [0x000001849288f8e0, 0x000001849288fae8]
Event: 466.539 Thread 0x00000184a775f000 7376       4       org.objectweb.asm.ByteVector::<init> (13 bytes)
Event: 466.548 Thread 0x00000184a775f000 nmethod 7376 0x0000018499283710 code [0x00000184992838a0, 0x0000018499283a58]
Event: 466.857 Thread 0x00000184a78f6000 7377       3       org.objectweb.asm.ClassReader::createLabel (21 bytes)
Event: 466.857 Thread 0x00000184a775f000 7378       4       org.objectweb.asm.Type::<init> (26 bytes)
Event: 466.862 Thread 0x00000184a78f6000 nmethod 7377 0x000001849288fc10 code [0x000001849288fe00, 0x0000018492890298]
Event: 466.864 Thread 0x00000184a775f000 nmethod 7378 0x0000018499283b10 code [0x0000018499283ca0, 0x0000018499283dd8]
Event: 466.874 Thread 0x00000184a78f6000 7379       3       java.lang.StringLatin1::lastIndexOf (125 bytes)
Event: 466.876 Thread 0x00000184a78f6000 nmethod 7379 0x0000018492890490 code [0x0000018492890680, 0x0000018492890af8]
Event: 466.986 Thread 0x00000184a775f000 7380       4       org.objectweb.asm.MethodWriter::putMethodInfo (1274 bytes)

GC Heap History (20 events):
Event: 444.245 GC heap after
{Heap after GC invocations=150 (full 0):
 garbage-first heap   total 84992K, used 79996K [0x0000000080000000, 0x0000000100000000)
  region size 1024K, 1 young (1024K), 1 survivors (1024K)
 Metaspace       used 68572K, capacity 70435K, committed 70784K, reserved 1110016K
  class space    used 8851K, capacity 9495K, committed 9600K, reserved 1048576K
}
Event: 444.979 GC heap before
{Heap before GC invocations=150 (full 0):
 garbage-first heap   total 84992K, used 83068K [0x0000000080000000, 0x0000000100000000)
  region size 1024K, 4 young (4096K), 1 survivors (1024K)
 Metaspace       used 69071K, capacity 70960K, committed 71040K, reserved 1110016K
  class space    used 8921K, capacity 9563K, committed 9600K, reserved 1048576K
}
Event: 444.998 GC heap after
{Heap after GC invocations=151 (full 0):
 garbage-first heap   total 84992K, used 80125K [0x0000000080000000, 0x0000000100000000)
  region size 1024K, 1 young (1024K), 1 survivors (1024K)
 Metaspace       used 69071K, capacity 70960K, committed 71040K, reserved 1110016K
  class space    used 8921K, capacity 9563K, committed 9600K, reserved 1048576K
}
Event: 448.298 GC heap before
{Heap before GC invocations=152 (full 0):
 garbage-first heap   total 84992K, used 83197K [0x0000000080000000, 0x0000000100000000)
  region size 1024K, 4 young (4096K), 1 survivors (1024K)
 Metaspace       used 69426K, capacity 71257K, committed 71296K, reserved 1112064K
  class space    used 8965K, capacity 9597K, committed 9600K, reserved 1048576K
}
Event: 448.323 GC heap after
{Heap after GC invocations=153 (full 0):
 garbage-first heap   total 84992K, used 80331K [0x0000000080000000, 0x0000000100000000)
  region size 1024K, 1 young (1024K), 1 survivors (1024K)
 Metaspace       used 69426K, capacity 71257K, committed 71296K, reserved 1112064K
  class space    used 8965K, capacity 9597K, committed 9600K, reserved 1048576K
}
Event: 453.649 GC heap before
{Heap before GC invocations=153 (full 0):
 garbage-first heap   total 84992K, used 83403K [0x0000000080000000, 0x0000000100000000)
  region size 1024K, 4 young (4096K), 1 survivors (1024K)
 Metaspace       used 69690K, capacity 71493K, committed 71680K, reserved 1112064K
  class space    used 8996K, capacity 9631K, committed 9728K, reserved 1048576K
}
Event: 453.665 GC heap after
{Heap after GC invocations=154 (full 0):
 garbage-first heap   total 86016K, used 80517K [0x0000000080000000, 0x0000000100000000)
  region size 1024K, 1 young (1024K), 1 survivors (1024K)
 Metaspace       used 69690K, capacity 71493K, committed 71680K, reserved 1112064K
  class space    used 8996K, capacity 9631K, committed 9728K, reserved 1048576K
}
Event: 456.501 GC heap before
{Heap before GC invocations=155 (full 0):
 garbage-first heap   total 86016K, used 83589K [0x0000000080000000, 0x0000000100000000)
  region size 1024K, 4 young (4096K), 1 survivors (1024K)
 Metaspace       used 69983K, capacity 71870K, committed 71936K, reserved 1112064K
  class space    used 9032K, capacity 9671K, committed 9728K, reserved 1048576K
}
Event: 456.524 GC heap after
{Heap after GC invocations=156 (full 0):
 garbage-first heap   total 86016K, used 80703K [0x0000000080000000, 0x0000000100000000)
  region size 1024K, 1 young (1024K), 1 survivors (1024K)
 Metaspace       used 69983K, capacity 71870K, committed 71936K, reserved 1112064K
  class space    used 9032K, capacity 9671K, committed 9728K, reserved 1048576K
}
Event: 458.704 GC heap before
{Heap before GC invocations=156 (full 0):
 garbage-first heap   total 86016K, used 83775K [0x0000000080000000, 0x0000000100000000)
  region size 1024K, 4 young (4096K), 1 survivors (1024K)
 Metaspace       used 70225K, capacity 72097K, committed 72192K, reserved 1112064K
  class space    used 9068K, capacity 9704K, committed 9728K, reserved 1048576K
}
Event: 458.719 GC heap after
{Heap after GC invocations=157 (full 0):
 garbage-first heap   total 86016K, used 80829K [0x0000000080000000, 0x0000000100000000)
  region size 1024K, 1 young (1024K), 1 survivors (1024K)
 Metaspace       used 70225K, capacity 72097K, committed 72192K, reserved 1112064K
  class space    used 9068K, capacity 9704K, committed 9728K, reserved 1048576K
}
Event: 461.150 GC heap before
{Heap before GC invocations=158 (full 0):
 garbage-first heap   total 86016K, used 83901K [0x0000000080000000, 0x0000000100000000)
  region size 1024K, 4 young (4096K), 1 survivors (1024K)
 Metaspace       used 70378K, capacity 72325K, committed 72576K, reserved 1112064K
  class space    used 9084K, capacity 9737K, committed 9856K, reserved 1048576K
}
Event: 461.165 GC heap after
{Heap after GC invocations=159 (full 0):
 garbage-first heap   total 86016K, used 81144K [0x0000000080000000, 0x0000000100000000)
  region size 1024K, 1 young (1024K), 1 survivors (1024K)
 Metaspace       used 70378K, capacity 72325K, committed 72576K, reserved 1112064K
  class space    used 9084K, capacity 9737K, committed 9856K, reserved 1048576K
}
Event: 461.673 GC heap before
{Heap before GC invocations=159 (full 0):
 garbage-first heap   total 86016K, used 84216K [0x0000000080000000, 0x0000000100000000)
  region size 1024K, 4 young (4096K), 1 survivors (1024K)
 Metaspace       used 70628K, capacity 72465K, committed 72832K, reserved 1112064K
  class space    used 9126K, capacity 9739K, committed 9856K, reserved 1048576K
}
Event: 461.687 GC heap after
{Heap after GC invocations=160 (full 0):
 garbage-first heap   total 86016K, used 81169K [0x0000000080000000, 0x0000000100000000)
  region size 1024K, 1 young (1024K), 1 survivors (1024K)
 Metaspace       used 70628K, capacity 72465K, committed 72832K, reserved 1112064K
  class space    used 9126K, capacity 9739K, committed 9856K, reserved 1048576K
}
Event: 463.834 GC heap before
{Heap before GC invocations=161 (full 0):
 garbage-first heap   total 86016K, used 84241K [0x0000000080000000, 0x0000000100000000)
  region size 1024K, 4 young (4096K), 1 survivors (1024K)
 Metaspace       used 70881K, capacity 72691K, committed 72832K, reserved 1112064K
  class space    used 9165K, capacity 9773K, committed 9856K, reserved 1048576K
}
Event: 463.848 GC heap after
{Heap after GC invocations=162 (full 0):
 garbage-first heap   total 86016K, used 81270K [0x0000000080000000, 0x0000000100000000)
  region size 1024K, 1 young (1024K), 1 survivors (1024K)
 Metaspace       used 70881K, capacity 72691K, committed 72832K, reserved 1112064K
  class space    used 9165K, capacity 9773K, committed 9856K, reserved 1048576K
}
Event: 465.757 GC heap before
{Heap before GC invocations=162 (full 0):
 garbage-first heap   total 86016K, used 83318K [0x0000000080000000, 0x0000000100000000)
  region size 1024K, 4 young (4096K), 1 survivors (1024K)
 Metaspace       used 71085K, capacity 72956K, committed 73088K, reserved 1112064K
  class space    used 9194K, capacity 9840K, committed 9856K, reserved 1048576K
}
Event: 465.771 GC heap after
{Heap after GC invocations=163 (full 0):
 garbage-first heap   total 86016K, used 81487K [0x0000000080000000, 0x0000000100000000)
  region size 1024K, 1 young (1024K), 1 survivors (1024K)
 Metaspace       used 71085K, capacity 72956K, committed 73088K, reserved 1112064K
  class space    used 9194K, capacity 9840K, committed 9856K, reserved 1048576K
}
Event: 467.012 GC heap before
{Heap before GC invocations=164 (full 0):
 garbage-first heap   total 86016K, used 84559K [0x0000000080000000, 0x0000000100000000)
  region size 1024K, 4 young (4096K), 1 survivors (1024K)
 Metaspace       used 71266K, capacity 73084K, committed 73344K, reserved 1112064K
  class space    used 9221K, capacity 9840K, committed 9856K, reserved 1048576K
}

Deoptimization events (20 events):
Event: 408.124 Thread 0x00000184a8dd8800 Uncommon trap: trap_request=0xffffffde fr.pc=0x0000018498f4b230 relative=0x00000000000009d0
Event: 408.124 Thread 0x00000184a8dd8800 Uncommon trap: reason=class_check action=maybe_recompile pc=0x0000018498f4b230 method=java.util.WeakHashMap.eq(Ljava/lang/Object;Ljava/lang/Object;)Z @ 7 c2
Event: 408.124 Thread 0x00000184a8dd8800 DEOPT PACKING pc=0x0000018498f4b230 sp=0x00000026d37f4040
Event: 408.125 Thread 0x00000184a8dd8800 DEOPT UNPACKING pc=0x000001849134732f sp=0x00000026d37f3fb0 mode 2
Event: 412.209 Thread 0x00000184a8dd8800 DEOPT PACKING pc=0x0000018492161d4a sp=0x00000026d37f4c60
Event: 412.209 Thread 0x00000184a8dd8800 DEOPT UNPACKING pc=0x000001849134714e sp=0x00000026d37f40c0 mode 0
Event: 414.497 Thread 0x00000184a8dd8800 DEOPT PACKING pc=0x0000018491f19979 sp=0x00000026d37f8110
Event: 414.497 Thread 0x00000184a8dd8800 DEOPT UNPACKING pc=0x000001849134714e sp=0x00000026d37f75e0 mode 0
Event: 458.063 Thread 0x00000184a8dd8800 DEOPT PACKING pc=0x0000018492618aec sp=0x00000026d37f8e00
Event: 458.063 Thread 0x00000184a8dd8800 DEOPT UNPACKING pc=0x000001849134714e sp=0x00000026d37f83a0 mode 0
Event: 458.137 Thread 0x00000184a8dd8800 DEOPT PACKING pc=0x00000184926a85a7 sp=0x00000026d37f8bb0
Event: 458.137 Thread 0x00000184a8dd8800 DEOPT UNPACKING pc=0x000001849134714e sp=0x00000026d37f8060 mode 0
Event: 460.728 Thread 0x00000184a8dd8800 Uncommon trap: trap_request=0xffffff7e fr.pc=0x000001849927af28 relative=0x0000000000000368
Event: 460.728 Thread 0x00000184a8dd8800 Uncommon trap: reason=predicate action=maybe_recompile pc=0x000001849927af28 method=java.util.AbstractCollection.toArray([Ljava/lang/Object;)[Ljava/lang/Object; @ 43 c2
Event: 460.728 Thread 0x00000184a8dd8800 DEOPT PACKING pc=0x000001849927af28 sp=0x00000026d37f7680
Event: 460.728 Thread 0x00000184a8dd8800 DEOPT UNPACKING pc=0x000001849134732f sp=0x00000026d37f7618 mode 2
Event: 466.872 Thread 0x00000184a8dd8800 Uncommon trap: trap_request=0xffffff4d fr.pc=0x0000018499282edc relative=0x000000000000051c
Event: 466.873 Thread 0x00000184a8dd8800 Uncommon trap: reason=unstable_if action=reinterpret pc=0x0000018499282edc method=org.objectweb.asm.Handler.getExceptionTableLength(Lorg/objectweb/asm/Handler;)I @ 5 c2
Event: 466.873 Thread 0x00000184a8dd8800 DEOPT PACKING pc=0x0000018499282edc sp=0x00000026d37f75c0
Event: 466.873 Thread 0x00000184a8dd8800 DEOPT UNPACKING pc=0x000001849134732f sp=0x00000026d37f7468 mode 2

Classes redefined (0 events):
No events

Internal exceptions (20 events):
Event: 414.122 Thread 0x00000184a8dd8800 Exception <a 'java/lang/ClassNotFoundException'{0x00000000851439c8}: com/android/build/gradle/internal/CompileOptionsBeanInfo> (0x00000000851439c8) thrown at [./src/hotspot/share/classfile/systemDictionary.cpp, line 231]
Event: 414.126 Thread 0x00000184a8dd8800 Exception <a 'java/lang/ClassNotFoundException'{0x000000008515e908}: com/android/build/gradle/internal/CompileOptionsCustomizer> (0x000000008515e908) thrown at [./src/hotspot/share/classfile/systemDictionary.cpp, line 231]
Event: 414.131 Thread 0x00000184a8dd8800 Exception <a 'java/lang/ClassNotFoundException'{0x0000000085183778}: com/android/build/gradle/internal/CompileOptions_DecoratedCustomizer> (0x0000000085183778) thrown at [./src/hotspot/share/classfile/systemDictionary.cpp, line 231]
Event: 414.251 Thread 0x00000184a8dd8800 Exception <a 'java/lang/ClassNotFoundException'{0x0000000085020160}: com/android/build/gradle/internal/dsl/ApplicationBuildFeaturesImpl_DecoratedBeanInfo> (0x0000000085020160) thrown at [./src/hotspot/share/classfile/systemDictionary.cpp, line 231]
Event: 414.253 Thread 0x00000184a8dd8800 Exception <a 'java/lang/ClassNotFoundException'{0x00000000850393a8}: com/android/build/gradle/internal/dsl/ApplicationBuildFeaturesImplBeanInfo> (0x00000000850393a8) thrown at [./src/hotspot/share/classfile/systemDictionary.cpp, line 231]
Event: 414.255 Thread 0x00000184a8dd8800 Exception <a 'java/lang/ClassNotFoundException'{0x0000000085050e58}: com/android/build/gradle/internal/dsl/BuildFeaturesImplBeanInfo> (0x0000000085050e58) thrown at [./src/hotspot/share/classfile/systemDictionary.cpp, line 231]
Event: 414.257 Thread 0x00000184a8dd8800 Exception <a 'java/lang/ClassNotFoundException'{0x0000000085068968}: com/android/build/gradle/internal/dsl/BuildFeaturesImplCustomizer> (0x0000000085068968) thrown at [./src/hotspot/share/classfile/systemDictionary.cpp, line 231]
Event: 414.262 Thread 0x00000184a8dd8800 Exception <a 'java/lang/ClassNotFoundException'{0x000000008508d5a0}: com/android/build/gradle/internal/dsl/ApplicationBuildFeaturesImplCustomizer> (0x000000008508d5a0) thrown at [./src/hotspot/share/classfile/systemDictionary.cpp, line 231]
Event: 414.267 Thread 0x00000184a8dd8800 Exception <a 'java/lang/ClassNotFoundException'{0x00000000850ae1b8}: com/android/build/gradle/internal/dsl/ApplicationBuildFeaturesImpl_DecoratedCustomizer> (0x00000000850ae1b8) thrown at [./src/hotspot/share/classfile/systemDictionary.cpp, line 231]
Event: 459.710 Thread 0x00000184a8dd8800 Exception <a 'java/lang/ClassNotFoundException'{0x0000000085137db8}: com/android/build/gradle/internal/api/ApkVariantOutputImpl_DecoratedBeanInfo> (0x0000000085137db8) thrown at [./src/hotspot/share/classfile/systemDictionary.cpp, line 231]
Event: 459.713 Thread 0x00000184a8dd8800 Exception <a 'java/lang/ClassNotFoundException'{0x0000000085150b98}: com/android/build/gradle/internal/api/ApkVariantOutputImplBeanInfo> (0x0000000085150b98) thrown at [./src/hotspot/share/classfile/systemDictionary.cpp, line 231]
Event: 459.718 Thread 0x00000184a8dd8800 Exception <a 'java/lang/ClassNotFoundException'{0x000000008516a118}: com/android/build/gradle/internal/api/BaseVariantOutputImplBeanInfo> (0x000000008516a118) thrown at [./src/hotspot/share/classfile/systemDictionary.cpp, line 231]
Event: 459.721 Thread 0x00000184a8dd8800 Exception <a 'java/lang/ClassNotFoundException'{0x00000000851834e8}: com/android/build/gradle/internal/api/BaseVariantOutputImplCustomizer> (0x00000000851834e8) thrown at [./src/hotspot/share/classfile/systemDictionary.cpp, line 231]
Event: 460.688 Thread 0x00000184a8dd8800 Exception <a 'java/lang/ClassNotFoundException'{0x00000000851bb040}: com/android/build/gradle/internal/api/ApkVariantOutputImplCustomizer> (0x00000000851bb040) thrown at [./src/hotspot/share/classfile/systemDictionary.cpp, line 231]
Event: 460.726 Thread 0x00000184a8dd8800 Exception <a 'java/lang/ClassNotFoundException'{0x00000000851e3330}: com/android/build/gradle/internal/api/ApkVariantOutputImpl_DecoratedCustomizer> (0x00000000851e3330) thrown at [./src/hotspot/share/classfile/systemDictionary.cpp, line 231]
Event: 461.079 Thread 0x00000184a8dd8800 Exception <a 'java/lang/NoClassDefFoundError'{0x0000000084f85438}: org/jetbrains/kotlin/gradle/plugin/KotlinBasePluginWrapper> (0x0000000084f85438) thrown at [./src/hotspot/share/classfile/systemDictionary.cpp, line 220]
Event: 464.246 Thread 0x00000184a8dd8800 Exception <a 'java/lang/ClassNotFoundException'{0x00000000851bc260}: org/jetbrains/plugins/gradle/model/web/WebConfigurationBeanInfo> (0x00000000851bc260) thrown at [./src/hotspot/share/classfile/systemDictionary.cpp, line 231]
Event: 464.295 Thread 0x00000184a8dd8800 Exception <a 'java/lang/ClassNotFoundException'{0x00000000851cd380}: org/jetbrains/plugins/gradle/model/web/WebConfigurationCustomizer> (0x00000000851cd380) thrown at [./src/hotspot/share/classfile/systemDictionary.cpp, line 231]
Event: 464.481 Thread 0x00000184a8dd8800 Exception <a 'java/lang/ClassNotFoundException'{0x0000000085003ce0}: org/jetbrains/plugins/gradle/model/scala/ScalaModelBeanInfo> (0x0000000085003ce0) thrown at [./src/hotspot/share/classfile/systemDictionary.cpp, line 231]
Event: 464.483 Thread 0x00000184a8dd8800 Exception <a 'java/lang/ClassNotFoundException'{0x0000000085014c68}: org/jetbrains/plugins/gradle/model/scala/ScalaModelCustomizer> (0x0000000085014c68) thrown at [./src/hotspot/share/classfile/systemDictionary.cpp, line 231]

Events (20 events):
Event: 466.838 loading class org/gradle/plugins/ide/internal/IdePlugin$3 done
Event: 466.845 loading class org/gradle/plugins/ide/internal/IdePlugin$4
Event: 466.845 loading class org/gradle/plugins/ide/internal/IdePlugin$4 done
Event: 466.849 loading class org/gradle/plugins/ide/idea/model/Project
Event: 466.849 loading class org/gradle/plugins/ide/idea/model/Project done
Event: 466.866 loading class org/gradle/plugins/ide/idea/model/PathFactory
Event: 466.866 loading class org/gradle/plugins/ide/idea/model/PathFactory done
Event: 466.878 loading class org/gradle/plugins/ide/idea/model/ProjectLibrary
Event: 466.878 loading class org/gradle/plugins/ide/idea/model/ProjectLibrary done
Event: 466.990 loading class org/gradle/plugins/ide/idea/GenerateIdeaProject
Event: 466.990 loading class org/gradle/plugins/ide/idea/GenerateIdeaProject done
Event: 467.001 loading class org/gradle/plugins/ide/idea/IdeaPlugin$5
Event: 467.001 loading class org/gradle/plugins/ide/idea/IdeaPlugin$5 done
Event: 467.005 loading class org/gradle/internal/extensibility/ConventionAwareHelper$MappedPropertyImpl
Event: 467.005 loading class org/gradle/internal/extensibility/ConventionAwareHelper$MappedPropertyImpl done
Event: 467.007 loading class org/gradle/api/internal/ConventionMapping$MappedProperty
Event: 467.007 loading class org/gradle/api/internal/ConventionMapping$MappedProperty done
Event: 467.010 loading class org/gradle/internal/extensibility/ConventionAwareHelper$2
Event: 467.010 loading class org/gradle/internal/extensibility/ConventionAwareHelper$2 done
Event: 467.011 Executing VM operation: G1CollectForAllocation


Dynamic libraries:
0x00007ff7d0db0000 - 0x00007ff7d0dba000 	C:\Program Files\Android\Android Studio1\jre\bin\java.exe
0x00007ffac7830000 - 0x00007ffac7a25000 	C:\Windows\SYSTEM32\ntdll.dll
0x00007ffac6760000 - 0x00007ffac681e000 	C:\Windows\System32\KERNEL32.DLL
0x00007ffac5530000 - 0x00007ffac57f9000 	C:\Windows\System32\KERNELBASE.dll
0x00007ffac4f50000 - 0x00007ffac5050000 	C:\Windows\System32\ucrtbase.dll
0x00007ffabd810000 - 0x00007ffabd829000 	C:\Program Files\Android\Android Studio1\jre\bin\jli.dll
0x00007ffac5910000 - 0x00007ffac5ab1000 	C:\Windows\System32\USER32.dll
0x00007ffac5050000 - 0x00007ffac5072000 	C:\Windows\System32\win32u.dll
0x00007ffac7360000 - 0x00007ffac738b000 	C:\Windows\System32\GDI32.dll
0x00007ffac52e0000 - 0x00007ffac53eb000 	C:\Windows\System32\gdi32full.dll
0x00007ffac5080000 - 0x00007ffac511d000 	C:\Windows\System32\msvcp_win.dll
0x00007ffabe650000 - 0x00007ffabe667000 	C:\Program Files\Android\Android Studio1\jre\bin\VCRUNTIME140.dll
0x00007ffab5dd0000 - 0x00007ffab606a000 	C:\Windows\WinSxS\amd64_microsoft.windows.common-controls_6595b64144ccf1df_6.0.19041.1110_none_60b5254171f9507e\COMCTL32.dll
0x00007ffac5c50000 - 0x00007ffac5cee000 	C:\Windows\System32\msvcrt.dll
0x00007ffac77c0000 - 0x00007ffac77f0000 	C:\Windows\System32\IMM32.DLL
0x00007ffaaa820000 - 0x00007ffaaa8bd000 	C:\Program Files\Android\Android Studio1\jre\bin\msvcp140.dll
0x00007ffa9d030000 - 0x00007ffa9daff000 	C:\Program Files\Android\Android Studio1\jre\bin\server\jvm.dll
0x00007ffac72b0000 - 0x00007ffac735c000 	C:\Windows\System32\ADVAPI32.dll
0x00007ffac5cf0000 - 0x00007ffac5d8b000 	C:\Windows\System32\sechost.dll
0x00007ffac5dc0000 - 0x00007ffac5eea000 	C:\Windows\System32\RPCRT4.dll
0x00007ffac5b20000 - 0x00007ffac5b28000 	C:\Windows\System32\PSAPI.DLL
0x00007ffab8c40000 - 0x00007ffab8c49000 	C:\Windows\SYSTEM32\WSOCK32.dll
0x00007ffac73a0000 - 0x00007ffac740b000 	C:\Windows\System32\WS2_32.dll
0x00007ffabc8b0000 - 0x00007ffabc8d7000 	C:\Windows\SYSTEM32\WINMM.dll
0x00007ffabcc00000 - 0x00007ffabcc0a000 	C:\Windows\SYSTEM32\VERSION.dll
0x00007ffac2e30000 - 0x00007ffac2e42000 	C:\Windows\SYSTEM32\kernel.appcore.dll
0x00007ffaa8240000 - 0x00007ffaa8251000 	C:\Program Files\Android\Android Studio1\jre\bin\verify.dll
0x00007ffab29f0000 - 0x00007ffab2bd4000 	C:\Windows\SYSTEM32\DBGHELP.DLL
0x00007ffab30a0000 - 0x00007ffab30cc000 	C:\Windows\SYSTEM32\dbgcore.DLL
0x00007ffac54a0000 - 0x00007ffac5523000 	C:\Windows\System32\bcryptPrimitives.dll
0x00007ffaa7b60000 - 0x00007ffaa7b89000 	C:\Program Files\Android\Android Studio1\jre\bin\java.dll
0x00007ffab7c10000 - 0x00007ffab7c1b000 	C:\Program Files\Android\Android Studio1\jre\bin\jimage.dll
0x00007ffaa8220000 - 0x00007ffaa8238000 	C:\Program Files\Android\Android Studio1\jre\bin\zip.dll
0x00007ffac6020000 - 0x00007ffac675f000 	C:\Windows\System32\SHELL32.dll
0x00007ffac3030000 - 0x00007ffac37c0000 	C:\Windows\SYSTEM32\windows.storage.dll
0x00007ffac6a10000 - 0x00007ffac6d65000 	C:\Windows\System32\combase.dll
0x00007ffac4920000 - 0x00007ffac494c000 	C:\Windows\SYSTEM32\Wldp.dll
0x00007ffac6820000 - 0x00007ffac68ce000 	C:\Windows\System32\SHCORE.dll
0x00007ffac5ac0000 - 0x00007ffac5b15000 	C:\Windows\System32\shlwapi.dll
0x00007ffac4e90000 - 0x00007ffac4eaf000 	C:\Windows\SYSTEM32\profapi.dll
0x00007ffaabd60000 - 0x00007ffaabd7a000 	C:\Program Files\Android\Android Studio1\jre\bin\net.dll
0x00007ffab8280000 - 0x00007ffab8388000 	C:\Windows\SYSTEM32\WINHTTP.dll
0x00007ffac4630000 - 0x00007ffac469a000 	C:\Windows\system32\mswsock.dll
0x00007ffaa75e0000 - 0x00007ffaa75f4000 	C:\Program Files\Android\Android Studio1\jre\bin\nio.dll
0x00007ffabe6b0000 - 0x00007ffabe6d7000 	C:\Users\HP14\.gradle\wrapper\dists\gradle-7.0.2\native\8bec1ad78214c89d9ad589b4d07fe93259594b29d510b10fafb7a158f7737e5d\windows-amd64\native-platform.dll
0x00007ffabda00000 - 0x00007ffabdb3d000 	C:\Users\HP14\.gradle\wrapper\dists\gradle-7.0.2\native\53dbd7edfb1c66fb8903c78663c9afc45aea4f116125fa6feffd364cf09443e8\windows-amd64\native-platform-file-events.dll
0x00007ffac0250000 - 0x00007ffac025a000 	C:\Program Files\Android\Android Studio1\jre\bin\management.dll
0x00007ffac0240000 - 0x00007ffac024c000 	C:\Program Files\Android\Android Studio1\jre\bin\management_ext.dll
0x00007ffac4820000 - 0x00007ffac4838000 	C:\Windows\SYSTEM32\CRYPTSP.dll
0x00007ffac3fb0000 - 0x00007ffac3fe4000 	C:\Windows\system32\rsaenh.dll
0x00007ffac5800000 - 0x00007ffac5827000 	C:\Windows\System32\bcrypt.dll
0x00007ffac4e10000 - 0x00007ffac4e3e000 	C:\Windows\SYSTEM32\USERENV.dll
0x00007ffac4cd0000 - 0x00007ffac4cdc000 	C:\Windows\SYSTEM32\CRYPTBASE.dll
0x00007ffac4320000 - 0x00007ffac435b000 	C:\Windows\SYSTEM32\IPHLPAPI.DLL
0x00007ffac7390000 - 0x00007ffac7398000 	C:\Windows\System32\NSI.dll
0x00007ffab9770000 - 0x00007ffab9787000 	C:\Windows\SYSTEM32\dhcpcsvc6.DLL
0x00007ffab9730000 - 0x00007ffab974d000 	C:\Windows\SYSTEM32\dhcpcsvc.DLL
0x00007ffac4370000 - 0x00007ffac443c000 	C:\Windows\SYSTEM32\DNSAPI.dll

dbghelp: loaded successfully - version: 4.0.5 - missing functions: none
symbol engine: initialized successfully - sym options: 0x614 - pdb path: .;C:\Program Files\Android\Android Studio1\jre\bin;C:\Windows\SYSTEM32;C:\Windows\WinSxS\amd64_microsoft.windows.common-controls_6595b64144ccf1df_6.0.19041.1110_none_60b5254171f9507e;C:\Program Files\Android\Android Studio1\jre\bin\server;C:\Users\HP14\.gradle\wrapper\dists\gradle-7.0.2\native\8bec1ad78214c89d9ad589b4d07fe93259594b29d510b10fafb7a158f7737e5d\windows-amd64;C:\Users\HP14\.gradle\wrapper\dists\gradle-7.0.2\native\53dbd7edfb1c66fb8903c78663c9afc45aea4f116125fa6feffd364cf09443e8\windows-amd64

VM Arguments:
jvm_args: --add-opens=java.base/java.util=ALL-UNNAMED --add-opens=java.base/java.lang=ALL-UNNAMED --add-opens=java.base/java.lang.invoke=ALL-UNNAMED --add-opens=java.base/java.util=ALL-UNNAMED --add-opens=java.prefs/java.util.prefs=ALL-UNNAMED --add-opens=java.prefs/java.util.prefs=ALL-UNNAMED --add-opens=java.base/java.nio.charset=ALL-UNNAMED --add-opens=java.base/java.net=ALL-UNNAMED --add-opens=java.base/java.util.concurrent.atomic=ALL-UNNAMED -Xmx2048m -Dfile.encoding=UTF-8 -Duser.country=SV -Duser.language=es -Duser.variant 
java_command: org.gradle.launcher.daemon.bootstrap.GradleDaemon 7.0.2
java_class_path (initial): C:\Users\HP14\.gradle\wrapper\dists\gradle-7.0.2\wrapper\dists\gradle-7.0.2-bin\857tjihv64xamwrf0h14cai3r\gradle-7.0.2\lib\gradle-launcher-7.0.2.jar
Launcher Type: SUN_STANDARD

[Global flags]
     intx CICompilerCount                          = 2                                         {product} {ergonomic}
     uint ConcGCThreads                            = 1                                         {product} {ergonomic}
     uint G1ConcRefinementThreads                  = 2                                         {product} {ergonomic}
   size_t G1HeapRegionSize                         = 1048576                                   {product} {ergonomic}
    uintx GCDrainStackTargetSize                   = 64                                        {product} {ergonomic}
   size_t InitialHeapSize                          = 58720256                                  {product} {ergonomic}
   size_t MarkStackSize                            = 4194304                                   {product} {ergonomic}
   size_t MaxHeapSize                              = 2147483648                                {product} {command line}
   size_t MaxNewSize                               = 1287651328                                {product} {ergonomic}
   size_t MinHeapDeltaBytes                        = 1048576                                   {product} {ergonomic}
    uintx NonNMethodCodeHeapSize                   = 5825164                                {pd product} {ergonomic}
    uintx NonProfiledCodeHeapSize                  = 122916538                              {pd product} {ergonomic}
    uintx ProfiledCodeHeapSize                     = 122916538                              {pd product} {ergonomic}
    uintx ReservedCodeCacheSize                    = 251658240                              {pd product} {ergonomic}
     bool SegmentedCodeCache                       = true                                      {product} {ergonomic}
     bool UseCompressedClassPointers               = true                                 {lp64_product} {ergonomic}
     bool UseCompressedOops                        = true                                 {lp64_product} {ergonomic}
     bool UseG1GC                                  = true                                      {product} {ergonomic}
     bool UseLargePagesIndividualAllocation        = false                                  {pd product} {ergonomic}

Logging:
Log output configuration:
 #0: stdout all=warning uptime,level,tags
 #1: stderr all=off uptime,level,tags

Environment Variables:
PATH=C:\Program Files (x86)\Common Files\Oracle\Java\javapath;C:\Windows\system32;C:\Windows;C:\Windows\System32\Wbem;C:\Windows\System32\WindowsPowerShell\v1.0\;C:\Windows\System32\OpenSSH\;C:\Users\HP14\.gradle\wrapper\dists\gradle-7.0.2\bin;C:\Program Files\Git\cmd;C:\flutter\bin;C:\Users\HP14\.jdks\openjdk-16.0.2\bin;C:\Users\HP14\AppData\Local\Microsoft\WindowsApps;;C:\Program Files\JetBrains\IntelliJ IDEA Community Edition 2021.1.3\bin;;C:\Users\HP14\AppData\Local\Programs\Microsoft VS Code\bin
USERNAME=HP14
OS=Windows_NT
PROCESSOR_IDENTIFIER=AMD64 Family 22 Model 0 Stepping 1, AuthenticAMD



---------------  S Y S T E M  ---------------

OS: Windows 10 , 64 bit Build 19041 (10.0.19041.1202)
OS uptime: 1 days 21:43 hours

CPU:total 2 (initial active 2) (2 cores per cpu, 1 threads per core) family 22 model 0 stepping 1 microcode 0x0, cmov, cx8, fxsr, mmx, sse, sse2, sse3, ssse3, sse4.1, sse4.2, popcnt, avx, aes, clmul, mmxext, 3dnowpref, lzcnt, sse4a, tsc, tscinvbit, tscinv, bmi1

Memory: 4k page, system-wide physical 3558M (389M free)
TotalPageFile size 5558M (AvailPageFile size 4M)
current process WorkingSet (physical memory assigned to process): 242M, peak: 275M
current process commit charge ("private bytes"): 296M, peak: 306M

vm_info: OpenJDK 64-Bit Server VM (11.0.10+0-b96-7249189) for windows-amd64 JRE (11.0.10+0-b96-7249189), built on Mar 31 2021 21:44:00 by "builder" with MS VC++ 14.0 (VS2015)

END.
